This file contains any messages produced by compilers while
running configure, to aid debugging if configure makes a mistake.

It was created by GNU make configure 3.80spec, which was
generated by GNU Autoconf 2.69.  Invocation command line was

  $ ./configure --disable-nls --prefix=/var/services/homes/spparmar/spec2006/tools/output CFLAGS=  LDFLAGS=-L/var/services/homes/spparmar/spec2006/tools/output/lib   LIBS=  CPPFLAGS=-I/var/services/homes/spparmar/spec2006/tools/output/include   --no-create --no-recursion

## --------- ##
## Platform. ##
## --------- ##

hostname = victory
uname -m = x86_64
uname -r = 2.6.32-042stab076.8
uname -s = Linux
uname -v = #1 SMP Tue May 14 20:38:14 MSK 2013

/usr/bin/uname -p = unknown
/bin/uname -X     = unknown

/bin/arch              = unknown
/usr/bin/arch -k       = unknown
/usr/convex/getsysinfo = unknown
/usr/bin/hostinfo      = unknown
/bin/machine           = unknown
/usr/bin/oslevel       = unknown
/bin/universe          = unknown

PATH: /var/services/homes/spparmar/spec2006/tools/src/make-3.80
PATH: /var/services/homes/spparmar/spec2006/tools/output/bin
PATH: /usr/local/sbin
PATH: /usr/local/bin
PATH: /usr/sbin
PATH: /usr/bin
PATH: /sbin
PATH: /bin
PATH: /usr/games
PATH: /usr/local/games


## ----------- ##
## Core tests. ##
## ----------- ##

configure:2405: checking for a BSD-compatible install
configure:2473: result: /usr/bin/install -c
configure:2484: checking whether build environment is sane
configure:2521: result: yes
configure:2575: checking for gawk
configure:2591: found /usr/bin/gawk
configure:2602: result: gawk
configure:2613: checking whether make sets $(MAKE)
configure:2635: result: yes
configure:2809: checking whether make sets $(MAKE)
configure:2831: result: yes
configure:2890: checking for gcc
configure:2906: found /usr/bin/gcc
configure:2917: result: gcc
configure:3146: checking for C compiler version
configure:3155: gcc --version >&5
gcc-4.7.real (Ubuntu/Linaro 4.7.2-2ubuntu1) 4.7.2
Copyright (C) 2012 Free Software Foundation, Inc.
This is free software; see the source for copying conditions.  There is NO
warranty; not even for MERCHANTABILITY or FITNESS FOR A PARTICULAR PURPOSE.

configure:3166: $? = 0
configure:3155: gcc -v >&5
Using built-in specs.
COLLECT_GCC=/usr/bin/gcc-4.7.real
COLLECT_LTO_WRAPPER=/usr/lib/gcc/x86_64-linux-gnu/4.7/lto-wrapper
Target: x86_64-linux-gnu
Configured with: ../src/configure -v --with-pkgversion='Ubuntu/Linaro 4.7.2-2ubuntu1' --with-bugurl=file:///usr/share/doc/gcc-4.7/README.Bugs --enable-languages=c,c++,go,fortran,objc,obj-c++ --prefix=/usr --program-suffix=-4.7 --enable-shared --enable-linker-build-id --with-system-zlib --libexecdir=/usr/lib --without-included-gettext --enable-threads=posix --with-gxx-include-dir=/usr/include/c++/4.7 --libdir=/usr/lib --enable-nls --with-sysroot=/ --enable-clocale=gnu --enable-libstdcxx-debug --enable-libstdcxx-time=yes --enable-gnu-unique-object --enable-plugin --enable-objc-gc --disable-werror --with-arch-32=i686 --with-tune=generic --enable-checking=release --build=x86_64-linux-gnu --host=x86_64-linux-gnu --target=x86_64-linux-gnu
Thread model: posix
gcc version 4.7.2 (Ubuntu/Linaro 4.7.2-2ubuntu1) 
configure:3166: $? = 0
configure:3155: gcc -V >&5
gcc-4.7.real: error: unrecognized command line option '-V'
gcc-4.7.real: fatal error: no input files
compilation terminated.
configure:3166: $? = 4
configure:3155: gcc -qversion >&5
gcc-4.7.real: error: unrecognized command line option '-qversion'
gcc-4.7.real: fatal error: no input files
compilation terminated.
configure:3166: $? = 4
configure:3186: checking whether the C compiler works
configure:3208: gcc   -I/var/services/homes/spparmar/spec2006/tools/output/include   -L/var/services/homes/spparmar/spec2006/tools/output/lib   conftest.c   >&5
configure:3212: $? = 0
configure:3260: result: yes
configure:3263: checking for C compiler default output file name
configure:3265: result: a.out
configure:3271: checking for suffix of executables
configure:3278: gcc -o conftest   -I/var/services/homes/spparmar/spec2006/tools/output/include   -L/var/services/homes/spparmar/spec2006/tools/output/lib   conftest.c   >&5
configure:3282: $? = 0
configure:3304: result: 
configure:3326: checking whether we are cross compiling
configure:3334: gcc -o conftest   -I/var/services/homes/spparmar/spec2006/tools/output/include   -L/var/services/homes/spparmar/spec2006/tools/output/lib   conftest.c   >&5
configure:3338: $? = 0
configure:3345: ./conftest
configure:3349: $? = 0
configure:3364: result: no
configure:3369: checking for suffix of object files
configure:3391: gcc -c   -I/var/services/homes/spparmar/spec2006/tools/output/include   conftest.c >&5
configure:3395: $? = 0
configure:3416: result: o
configure:3420: checking whether we are using the GNU C compiler
configure:3439: gcc -c   -I/var/services/homes/spparmar/spec2006/tools/output/include   conftest.c >&5
configure:3439: $? = 0
configure:3448: result: yes
configure:3457: checking whether gcc accepts -g
configure:3477: gcc -c -g -I/var/services/homes/spparmar/spec2006/tools/output/include   conftest.c >&5
configure:3477: $? = 0
configure:3518: result: yes
configure:3535: checking for gcc option to accept ISO C89
configure:3598: gcc  -c   -I/var/services/homes/spparmar/spec2006/tools/output/include   conftest.c >&5
configure:3598: $? = 0
configure:3611: result: none needed
configure:3642: checking for style of include used by make
configure:3670: result: GNU
configure:3698: checking dependency style of gcc
configure:3788: result: gcc3
configure:3849: checking for ranlib
configure:3865: found /usr/bin/ranlib
configure:3876: result: ranlib
configure:3903: checking how to run the C preprocessor
configure:3934: gcc -E -I/var/services/homes/spparmar/spec2006/tools/output/include   conftest.c
configure:3934: $? = 0
configure:3948: gcc -E -I/var/services/homes/spparmar/spec2006/tools/output/include   conftest.c
conftest.c:11:28: fatal error: ac_nonexistent.h: No such file or directory
compilation terminated.
configure:3948: $? = 1
configure: failed program was:
| /* confdefs.h */
| #define PACKAGE_NAME "GNU make"
| #define PACKAGE_TARNAME "make"
| #define PACKAGE_VERSION "3.80spec"
| #define PACKAGE_STRING "GNU make 3.80spec"
| #define PACKAGE_BUGREPORT "support@spec.org"
| #define PACKAGE_URL "http://www.gnu.org/software/make/"
| #define PACKAGE "make"
| #define VERSION "3.80spec"
| /* end confdefs.h.  */
| #include <ac_nonexistent.h>
configure:3973: result: gcc -E
configure:3993: gcc -E -I/var/services/homes/spparmar/spec2006/tools/output/include   conftest.c
configure:3993: $? = 0
configure:4007: gcc -E -I/var/services/homes/spparmar/spec2006/tools/output/include   conftest.c
conftest.c:11:28: fatal error: ac_nonexistent.h: No such file or directory
compilation terminated.
configure:4007: $? = 1
configure: failed program was:
| /* confdefs.h */
| #define PACKAGE_NAME "GNU make"
| #define PACKAGE_TARNAME "make"
| #define PACKAGE_VERSION "3.80spec"
| #define PACKAGE_STRING "GNU make 3.80spec"
| #define PACKAGE_BUGREPORT "support@spec.org"
| #define PACKAGE_URL "http://www.gnu.org/software/make/"
| #define PACKAGE "make"
| #define VERSION "3.80spec"
| /* end confdefs.h.  */
| #include <ac_nonexistent.h>
configure:4037: checking for ar
configure:4053: found /usr/bin/ar
configure:4065: result: ar
configure:4076: checking for perl
configure:4092: found /usr/bin/perl
configure:4104: result: perl
configure:4118: checking build system type
configure:4132: result: x86_64-unknown-linux-gnu
configure:4152: checking host system type
configure:4165: result: x86_64-unknown-linux-gnu
configure:4187: checking for grep that handles long lines and -e
configure:4245: result: /bin/grep
configure:4250: checking for egrep
configure:4312: result: /bin/grep -E
configure:4317: checking for ANSI C header files
configure:4337: gcc -c   -I/var/services/homes/spparmar/spec2006/tools/output/include   conftest.c >&5
configure:4337: $? = 0
configure:4410: gcc -o conftest   -I/var/services/homes/spparmar/spec2006/tools/output/include   -L/var/services/homes/spparmar/spec2006/tools/output/lib   conftest.c   >&5
configure:4410: $? = 0
configure:4410: ./conftest
configure:4410: $? = 0
configure:4421: result: yes
configure:4434: checking for sys/types.h
configure:4434: gcc -c   -I/var/services/homes/spparmar/spec2006/tools/output/include   conftest.c >&5
configure:4434: $? = 0
configure:4434: result: yes
configure:4434: checking for sys/stat.h
configure:4434: gcc -c   -I/var/services/homes/spparmar/spec2006/tools/output/include   conftest.c >&5
configure:4434: $? = 0
configure:4434: result: yes
configure:4434: checking for stdlib.h
configure:4434: gcc -c   -I/var/services/homes/spparmar/spec2006/tools/output/include   conftest.c >&5
configure:4434: $? = 0
configure:4434: result: yes
configure:4434: checking for string.h
configure:4434: gcc -c   -I/var/services/homes/spparmar/spec2006/tools/output/include   conftest.c >&5
configure:4434: $? = 0
configure:4434: result: yes
configure:4434: checking for memory.h
configure:4434: gcc -c   -I/var/services/homes/spparmar/spec2006/tools/output/include   conftest.c >&5
configure:4434: $? = 0
configure:4434: result: yes
configure:4434: checking for strings.h
configure:4434: gcc -c   -I/var/services/homes/spparmar/spec2006/tools/output/include   conftest.c >&5
configure:4434: $? = 0
configure:4434: result: yes
configure:4434: checking for inttypes.h
configure:4434: gcc -c   -I/var/services/homes/spparmar/spec2006/tools/output/include   conftest.c >&5
configure:4434: $? = 0
configure:4434: result: yes
configure:4434: checking for stdint.h
configure:4434: gcc -c   -I/var/services/homes/spparmar/spec2006/tools/output/include   conftest.c >&5
configure:4434: $? = 0
configure:4434: result: yes
configure:4434: checking for unistd.h
configure:4434: gcc -c   -I/var/services/homes/spparmar/spec2006/tools/output/include   conftest.c >&5
configure:4434: $? = 0
configure:4434: result: yes
configure:4447: checking minix/config.h usability
configure:4447: gcc -c   -I/var/services/homes/spparmar/spec2006/tools/output/include   conftest.c >&5
conftest.c:54:26: fatal error: minix/config.h: No such file or directory
compilation terminated.
configure:4447: $? = 1
configure: failed program was:
| /* confdefs.h */
| #define PACKAGE_NAME "GNU make"
| #define PACKAGE_TARNAME "make"
| #define PACKAGE_VERSION "3.80spec"
| #define PACKAGE_STRING "GNU make 3.80spec"
| #define PACKAGE_BUGREPORT "support@spec.org"
| #define PACKAGE_URL "http://www.gnu.org/software/make/"
| #define PACKAGE "make"
| #define VERSION "3.80spec"
| #define STDC_HEADERS 1
| #define HAVE_SYS_TYPES_H 1
| #define HAVE_SYS_STAT_H 1
| #define HAVE_STDLIB_H 1
| #define HAVE_STRING_H 1
| #define HAVE_MEMORY_H 1
| #define HAVE_STRINGS_H 1
| #define HAVE_INTTYPES_H 1
| #define HAVE_STDINT_H 1
| #define HAVE_UNISTD_H 1
| /* end confdefs.h.  */
| #include <stdio.h>
| #ifdef HAVE_SYS_TYPES_H
| # include <sys/types.h>
| #endif
| #ifdef HAVE_SYS_STAT_H
| # include <sys/stat.h>
| #endif
| #ifdef STDC_HEADERS
| # include <stdlib.h>
| # include <stddef.h>
| #else
| # ifdef HAVE_STDLIB_H
| #  include <stdlib.h>
| # endif
| #endif
| #ifdef HAVE_STRING_H
| # if !defined STDC_HEADERS && defined HAVE_MEMORY_H
| #  include <memory.h>
| # endif
| # include <string.h>
| #endif
| #ifdef HAVE_STRINGS_H
| # include <strings.h>
| #endif
| #ifdef HAVE_INTTYPES_H
| # include <inttypes.h>
| #endif
| #ifdef HAVE_STDINT_H
| # include <stdint.h>
| #endif
| #ifdef HAVE_UNISTD_H
| # include <unistd.h>
| #endif
| #include <minix/config.h>
configure:4447: result: no
configure:4447: checking minix/config.h presence
configure:4447: gcc -E -I/var/services/homes/spparmar/spec2006/tools/output/include   conftest.c
conftest.c:21:26: fatal error: minix/config.h: No such file or directory
compilation terminated.
configure:4447: $? = 1
configure: failed program was:
| /* confdefs.h */
| #define PACKAGE_NAME "GNU make"
| #define PACKAGE_TARNAME "make"
| #define PACKAGE_VERSION "3.80spec"
| #define PACKAGE_STRING "GNU make 3.80spec"
| #define PACKAGE_BUGREPORT "support@spec.org"
| #define PACKAGE_URL "http://www.gnu.org/software/make/"
| #define PACKAGE "make"
| #define VERSION "3.80spec"
| #define STDC_HEADERS 1
| #define HAVE_SYS_TYPES_H 1
| #define HAVE_SYS_STAT_H 1
| #define HAVE_STDLIB_H 1
| #define HAVE_STRING_H 1
| #define HAVE_MEMORY_H 1
| #define HAVE_STRINGS_H 1
| #define HAVE_INTTYPES_H 1
| #define HAVE_STDINT_H 1
| #define HAVE_UNISTD_H 1
| /* end confdefs.h.  */
| #include <minix/config.h>
configure:4447: result: no
configure:4447: checking for minix/config.h
configure:4447: result: no
configure:4468: checking whether it is safe to define __EXTENSIONS__
configure:4486: gcc -c   -I/var/services/homes/spparmar/spec2006/tools/output/include   conftest.c >&5
configure:4486: $? = 0
configure:4493: result: yes
configure:4508: checking for library containing strerror
configure:4539: gcc -o conftest   -I/var/services/homes/spparmar/spec2006/tools/output/include   -L/var/services/homes/spparmar/spec2006/tools/output/lib   conftest.c   >&5
configure:4539: $? = 0
configure:4556: result: none required
configure:4583: checking whether NLS is requested
configure:4592: result: no
configure:4630: checking for msgfmt
configure:4661: result: /usr/bin/msgfmt
configure:4670: checking for gmsgfmt
configure:4701: result: /usr/bin/msgfmt
configure:4741: checking for xgettext
configure:4772: result: /usr/bin/xgettext
configure:4812: checking for msgmerge
configure:4842: result: /usr/bin/msgmerge
configure:4917: checking for ld used by GCC
configure:4981: result: /usr/bin/ld
configure:4988: checking if the linker (/usr/bin/ld) is GNU ld
configure:5001: result: yes
configure:5007: checking for shared library run path origin
configure:5020: result: done
configure:5436: checking whether NLS is requested
configure:5445: result: no
configure:6070: checking whether to use NLS
configure:6072: result: no
configure:6154: checking for special C compiler options needed for large files
configure:6199: result: no
configure:6205: checking for _FILE_OFFSET_BITS value needed for large files
configure:6230: gcc -c   -I/var/services/homes/spparmar/spec2006/tools/output/include   conftest.c >&5
configure:6230: $? = 0
configure:6262: result: no
configure:6349: checking for library containing getpwnam
configure:6380: gcc -o conftest   -I/var/services/homes/spparmar/spec2006/tools/output/include   -L/var/services/homes/spparmar/spec2006/tools/output/lib   conftest.c   >&5
configure:6380: $? = 0
configure:6397: result: none required
configure:6407: checking for ANSI C header files
configure:6511: result: yes
configure:6522: checking for dirent.h that defines DIR
configure:6541: gcc -c   -I/var/services/homes/spparmar/spec2006/tools/output/include   conftest.c >&5
configure:6541: $? = 0
configure:6549: result: yes
configure:6562: checking for library containing opendir
configure:6593: gcc -o conftest   -I/var/services/homes/spparmar/spec2006/tools/output/include   -L/var/services/homes/spparmar/spec2006/tools/output/lib   conftest.c   >&5
configure:6593: $? = 0
configure:6610: result: none required
configure:6677: checking whether stat file-mode macros are broken
configure:6704: gcc -c   -I/var/services/homes/spparmar/spec2006/tools/output/include   conftest.c >&5
configure:6704: $? = 0
configure:6711: result: no
configure:6719: checking whether time.h and sys/time.h may both be included
configure:6739: gcc -c   -I/var/services/homes/spparmar/spec2006/tools/output/include   conftest.c >&5
configure:6739: $? = 0
configure:6746: result: yes
configure:6758: checking for stdlib.h
configure:6758: result: yes
configure:6758: checking locale.h usability
configure:6758: gcc -c   -I/var/services/homes/spparmar/spec2006/tools/output/include   conftest.c >&5
configure:6758: $? = 0
configure:6758: result: yes
configure:6758: checking locale.h presence
configure:6758: gcc -E -I/var/services/homes/spparmar/spec2006/tools/output/include   conftest.c
configure:6758: $? = 0
configure:6758: result: yes
configure:6758: checking for locale.h
configure:6758: result: yes
configure:6758: checking for unistd.h
configure:6758: result: yes
configure:6758: checking limits.h usability
configure:6758: gcc -c   -I/var/services/homes/spparmar/spec2006/tools/output/include   conftest.c >&5
configure:6758: $? = 0
configure:6758: result: yes
configure:6758: checking limits.h presence
configure:6758: gcc -E -I/var/services/homes/spparmar/spec2006/tools/output/include   conftest.c
configure:6758: $? = 0
configure:6758: result: yes
configure:6758: checking for limits.h
configure:6758: result: yes
configure:6758: checking fcntl.h usability
configure:6758: gcc -c   -I/var/services/homes/spparmar/spec2006/tools/output/include   conftest.c >&5
configure:6758: $? = 0
configure:6758: result: yes
configure:6758: checking fcntl.h presence
configure:6758: gcc -E -I/var/services/homes/spparmar/spec2006/tools/output/include   conftest.c
configure:6758: $? = 0
configure:6758: result: yes
configure:6758: checking for fcntl.h
configure:6758: result: yes
configure:6758: checking for string.h
configure:6758: result: yes
configure:6758: checking for memory.h
configure:6758: result: yes
configure:6758: checking sys/param.h usability
configure:6758: gcc -c   -I/var/services/homes/spparmar/spec2006/tools/output/include   conftest.c >&5
configure:6758: $? = 0
configure:6758: result: yes
configure:6758: checking sys/param.h presence
configure:6758: gcc -E -I/var/services/homes/spparmar/spec2006/tools/output/include   conftest.c
configure:6758: $? = 0
configure:6758: result: yes
configure:6758: checking for sys/param.h
configure:6758: result: yes
configure:6758: checking sys/time.h usability
configure:6758: gcc -c   -I/var/services/homes/spparmar/spec2006/tools/output/include   conftest.c >&5
configure:6758: $? = 0
configure:6758: result: yes
configure:6758: checking sys/time.h presence
configure:6758: gcc -E -I/var/services/homes/spparmar/spec2006/tools/output/include   conftest.c
configure:6758: $? = 0
configure:6758: result: yes
configure:6758: checking for sys/time.h
configure:6758: result: yes
configure:6758: checking sys/timeb.h usability
configure:6758: gcc -c   -I/var/services/homes/spparmar/spec2006/tools/output/include   conftest.c >&5
configure:6758: $? = 0
configure:6758: result: yes
configure:6758: checking sys/timeb.h presence
configure:6758: gcc -E -I/var/services/homes/spparmar/spec2006/tools/output/include   conftest.c
configure:6758: $? = 0
configure:6758: result: yes
configure:6758: checking for sys/timeb.h
configure:6758: result: yes
configure:6770: checking whether gcc and cc understand -c and -o together
configure:6801: gcc -c conftest.c -o conftest2.o >&5
configure:6805: $? = 0
configure:6811: gcc -c conftest.c -o conftest2.o >&5
configure:6815: $? = 0
configure:6826: cc -c conftest.c >&5
configure:6830: $? = 0
configure:6838: cc -c conftest.c -o conftest2.o >&5
configure:6842: $? = 0
configure:6848: cc -c conftest.c -o conftest2.o >&5
configure:6852: $? = 0
configure:6870: result: yes
configure:6941: checking for gcc
configure:6968: result: gcc
configure:7197: checking for C compiler version
configure:7206: gcc --version >&5
gcc-4.7.real (Ubuntu/Linaro 4.7.2-2ubuntu1) 4.7.2
Copyright (C) 2012 Free Software Foundation, Inc.
This is free software; see the source for copying conditions.  There is NO
warranty; not even for MERCHANTABILITY or FITNESS FOR A PARTICULAR PURPOSE.

configure:7217: $? = 0
configure:7206: gcc -v >&5
Using built-in specs.
COLLECT_GCC=/usr/bin/gcc-4.7.real
COLLECT_LTO_WRAPPER=/usr/lib/gcc/x86_64-linux-gnu/4.7/lto-wrapper
Target: x86_64-linux-gnu
Configured with: ../src/configure -v --with-pkgversion='Ubuntu/Linaro 4.7.2-2ubuntu1' --with-bugurl=file:///usr/share/doc/gcc-4.7/README.Bugs --enable-languages=c,c++,go,fortran,objc,obj-c++ --prefix=/usr --program-suffix=-4.7 --enable-shared --enable-linker-build-id --with-system-zlib --libexecdir=/usr/lib --without-included-gettext --enable-threads=posix --with-gxx-include-dir=/usr/include/c++/4.7 --libdir=/usr/lib --enable-nls --with-sysroot=/ --enable-clocale=gnu --enable-libstdcxx-debug --enable-libstdcxx-time=yes --enable-gnu-unique-object --enable-plugin --enable-objc-gc --disable-werror --with-arch-32=i686 --with-tune=generic --enable-checking=release --build=x86_64-linux-gnu --host=x86_64-linux-gnu --target=x86_64-linux-gnu
Thread model: posix
gcc version 4.7.2 (Ubuntu/Linaro 4.7.2-2ubuntu1) 
configure:7217: $? = 0
configure:7206: gcc -V >&5
gcc-4.7.real: error: unrecognized command line option '-V'
gcc-4.7.real: fatal error: no input files
compilation terminated.
configure:7217: $? = 4
configure:7206: gcc -qversion >&5
gcc-4.7.real: error: unrecognized command line option '-qversion'
gcc-4.7.real: fatal error: no input files
compilation terminated.
configure:7217: $? = 4
configure:7221: checking whether we are using the GNU C compiler
configure:7249: result: yes
configure:7258: checking whether gcc accepts -g
configure:7319: result: yes
configure:7336: checking for gcc option to accept ISO C89
configure:7412: result: none needed
configure:7434: checking dependency style of gcc
configure:7524: result: gcc3
configure:7544: checking for an ANSI C-conforming const
configure:7610: gcc -c   -I/var/services/homes/spparmar/spec2006/tools/output/include   conftest.c >&5
configure:7610: $? = 0
configure:7617: result: yes
configure:7625: checking return type of signal handlers
configure:7643: gcc -c   -I/var/services/homes/spparmar/spec2006/tools/output/include   conftest.c >&5
conftest.c: In function 'main':
conftest.c:45:1: error: void value not ignored as it ought to be
configure:7643: $? = 1
configure: failed program was:
| /* confdefs.h */
| #define PACKAGE_NAME "GNU make"
| #define PACKAGE_TARNAME "make"
| #define PACKAGE_VERSION "3.80spec"
| #define PACKAGE_STRING "GNU make 3.80spec"
| #define PACKAGE_BUGREPORT "support@spec.org"
| #define PACKAGE_URL "http://www.gnu.org/software/make/"
| #define PACKAGE "make"
| #define VERSION "3.80spec"
| #define STDC_HEADERS 1
| #define HAVE_SYS_TYPES_H 1
| #define HAVE_SYS_STAT_H 1
| #define HAVE_STDLIB_H 1
| #define HAVE_STRING_H 1
| #define HAVE_MEMORY_H 1
| #define HAVE_STRINGS_H 1
| #define HAVE_INTTYPES_H 1
| #define HAVE_STDINT_H 1
| #define HAVE_UNISTD_H 1
| #define __EXTENSIONS__ 1
| #define _ALL_SOURCE 1
| #define _GNU_SOURCE 1
| #define _POSIX_PTHREAD_SEMANTICS 1
| #define _TANDEM_SOURCE 1
| #define STDC_HEADERS 1
| #define HAVE_DIRENT_H 1
| #define TIME_WITH_SYS_TIME 1
| #define HAVE_STDLIB_H 1
| #define HAVE_LOCALE_H 1
| #define HAVE_UNISTD_H 1
| #define HAVE_LIMITS_H 1
| #define HAVE_FCNTL_H 1
| #define HAVE_STRING_H 1
| #define HAVE_MEMORY_H 1
| #define HAVE_SYS_PARAM_H 1
| #define HAVE_SYS_TIME_H 1
| #define HAVE_SYS_TIMEB_H 1
| /* end confdefs.h.  */
| #include <sys/types.h>
| #include <signal.h>
| 
| int
| main ()
| {
| return *(signal (0, 0)) (0) == 1;
|   ;
|   return 0;
| }
configure:7650: result: void
configure:7658: checking for uid_t in sys/types.h
configure:7677: result: yes
configure:7688: checking for pid_t
configure:7688: gcc -c   -I/var/services/homes/spparmar/spec2006/tools/output/include   conftest.c >&5
configure:7688: $? = 0
configure:7688: gcc -c   -I/var/services/homes/spparmar/spec2006/tools/output/include   conftest.c >&5
conftest.c: In function 'main':
conftest.c:76:20: error: expected expression before ')' token
configure:7688: $? = 1
configure: failed program was:
| /* confdefs.h */
| #define PACKAGE_NAME "GNU make"
| #define PACKAGE_TARNAME "make"
| #define PACKAGE_VERSION "3.80spec"
| #define PACKAGE_STRING "GNU make 3.80spec"
| #define PACKAGE_BUGREPORT "support@spec.org"
| #define PACKAGE_URL "http://www.gnu.org/software/make/"
| #define PACKAGE "make"
| #define VERSION "3.80spec"
| #define STDC_HEADERS 1
| #define HAVE_SYS_TYPES_H 1
| #define HAVE_SYS_STAT_H 1
| #define HAVE_STDLIB_H 1
| #define HAVE_STRING_H 1
| #define HAVE_MEMORY_H 1
| #define HAVE_STRINGS_H 1
| #define HAVE_INTTYPES_H 1
| #define HAVE_STDINT_H 1
| #define HAVE_UNISTD_H 1
| #define __EXTENSIONS__ 1
| #define _ALL_SOURCE 1
| #define _GNU_SOURCE 1
| #define _POSIX_PTHREAD_SEMANTICS 1
| #define _TANDEM_SOURCE 1
| #define STDC_HEADERS 1
| #define HAVE_DIRENT_H 1
| #define TIME_WITH_SYS_TIME 1
| #define HAVE_STDLIB_H 1
| #define HAVE_LOCALE_H 1
| #define HAVE_UNISTD_H 1
| #define HAVE_LIMITS_H 1
| #define HAVE_FCNTL_H 1
| #define HAVE_STRING_H 1
| #define HAVE_MEMORY_H 1
| #define HAVE_SYS_PARAM_H 1
| #define HAVE_SYS_TIME_H 1
| #define HAVE_SYS_TIMEB_H 1
| #define RETSIGTYPE void
| /* end confdefs.h.  */
| #include <stdio.h>
| #ifdef HAVE_SYS_TYPES_H
| # include <sys/types.h>
| #endif
| #ifdef HAVE_SYS_STAT_H
| # include <sys/stat.h>
| #endif
| #ifdef STDC_HEADERS
| # include <stdlib.h>
| # include <stddef.h>
| #else
| # ifdef HAVE_STDLIB_H
| #  include <stdlib.h>
| # endif
| #endif
| #ifdef HAVE_STRING_H
| # if !defined STDC_HEADERS && defined HAVE_MEMORY_H
| #  include <memory.h>
| # endif
| # include <string.h>
| #endif
| #ifdef HAVE_STRINGS_H
| # include <strings.h>
| #endif
| #ifdef HAVE_INTTYPES_H
| # include <inttypes.h>
| #endif
| #ifdef HAVE_STDINT_H
| # include <stdint.h>
| #endif
| #ifdef HAVE_UNISTD_H
| # include <unistd.h>
| #endif
| int
| main ()
| {
| if (sizeof ((pid_t)))
| 	    return 0;
|   ;
|   return 0;
| }
configure:7688: result: yes
configure:7702: checking for uintmax_t
configure:7702: gcc -c   -I/var/services/homes/spparmar/spec2006/tools/output/include   conftest.c >&5
configure:7702: $? = 0
configure:7702: gcc -c   -I/var/services/homes/spparmar/spec2006/tools/output/include   conftest.c >&5
conftest.c: In function 'main':
conftest.c:76:24: error: expected expression before ')' token
configure:7702: $? = 1
configure: failed program was:
| /* confdefs.h */
| #define PACKAGE_NAME "GNU make"
| #define PACKAGE_TARNAME "make"
| #define PACKAGE_VERSION "3.80spec"
| #define PACKAGE_STRING "GNU make 3.80spec"
| #define PACKAGE_BUGREPORT "support@spec.org"
| #define PACKAGE_URL "http://www.gnu.org/software/make/"
| #define PACKAGE "make"
| #define VERSION "3.80spec"
| #define STDC_HEADERS 1
| #define HAVE_SYS_TYPES_H 1
| #define HAVE_SYS_STAT_H 1
| #define HAVE_STDLIB_H 1
| #define HAVE_STRING_H 1
| #define HAVE_MEMORY_H 1
| #define HAVE_STRINGS_H 1
| #define HAVE_INTTYPES_H 1
| #define HAVE_STDINT_H 1
| #define HAVE_UNISTD_H 1
| #define __EXTENSIONS__ 1
| #define _ALL_SOURCE 1
| #define _GNU_SOURCE 1
| #define _POSIX_PTHREAD_SEMANTICS 1
| #define _TANDEM_SOURCE 1
| #define STDC_HEADERS 1
| #define HAVE_DIRENT_H 1
| #define TIME_WITH_SYS_TIME 1
| #define HAVE_STDLIB_H 1
| #define HAVE_LOCALE_H 1
| #define HAVE_UNISTD_H 1
| #define HAVE_LIMITS_H 1
| #define HAVE_FCNTL_H 1
| #define HAVE_STRING_H 1
| #define HAVE_MEMORY_H 1
| #define HAVE_SYS_PARAM_H 1
| #define HAVE_SYS_TIME_H 1
| #define HAVE_SYS_TIMEB_H 1
| #define RETSIGTYPE void
| /* end confdefs.h.  */
| #include <stdio.h>
| #ifdef HAVE_SYS_TYPES_H
| # include <sys/types.h>
| #endif
| #ifdef HAVE_SYS_STAT_H
| # include <sys/stat.h>
| #endif
| #ifdef STDC_HEADERS
| # include <stdlib.h>
| # include <stddef.h>
| #else
| # ifdef HAVE_STDLIB_H
| #  include <stdlib.h>
| # endif
| #endif
| #ifdef HAVE_STRING_H
| # if !defined STDC_HEADERS && defined HAVE_MEMORY_H
| #  include <memory.h>
| # endif
| # include <string.h>
| #endif
| #ifdef HAVE_STRINGS_H
| # include <strings.h>
| #endif
| #ifdef HAVE_INTTYPES_H
| # include <inttypes.h>
| #endif
| #ifdef HAVE_STDINT_H
| # include <stdint.h>
| #endif
| #ifdef HAVE_UNISTD_H
| # include <unistd.h>
| #endif
| int
| main ()
| {
| if (sizeof ((uintmax_t)))
| 	    return 0;
|   ;
|   return 0;
| }
configure:7702: result: yes
configure:7723: checking for nanoseconds field of struct stat.st_mtim
configure:7749: gcc -c   -I/var/services/homes/spparmar/spec2006/tools/output/include   -DST_MTIM_NSEC=tv_nsec conftest.c >&5
configure:7749: $? = 0
configure:7756: result: tv_nsec
configure:7768: checking whether to use high resolution file timestamps
configure:7790: gcc -c   -I/var/services/homes/spparmar/spec2006/tools/output/include   conftest.c >&5
configure:7790: $? = 0
configure:7797: result: yes
configure:7813: checking for library containing clock_gettime
configure:7844: gcc -o conftest   -I/var/services/homes/spparmar/spec2006/tools/output/include   -L/var/services/homes/spparmar/spec2006/tools/output/lib   conftest.c   >&5
/tmp/ccHae5XZ.o: In function `main':
conftest.c:(.text+0xa): undefined reference to `clock_gettime'
collect2: error: ld returned 1 exit status
configure:7844: $? = 1
configure: failed program was:
| /* confdefs.h */
| #define PACKAGE_NAME "GNU make"
| #define PACKAGE_TARNAME "make"
| #define PACKAGE_VERSION "3.80spec"
| #define PACKAGE_STRING "GNU make 3.80spec"
| #define PACKAGE_BUGREPORT "support@spec.org"
| #define PACKAGE_URL "http://www.gnu.org/software/make/"
| #define PACKAGE "make"
| #define VERSION "3.80spec"
| #define STDC_HEADERS 1
| #define HAVE_SYS_TYPES_H 1
| #define HAVE_SYS_STAT_H 1
| #define HAVE_STDLIB_H 1
| #define HAVE_STRING_H 1
| #define HAVE_MEMORY_H 1
| #define HAVE_STRINGS_H 1
| #define HAVE_INTTYPES_H 1
| #define HAVE_STDINT_H 1
| #define HAVE_UNISTD_H 1
| #define __EXTENSIONS__ 1
| #define _ALL_SOURCE 1
| #define _GNU_SOURCE 1
| #define _POSIX_PTHREAD_SEMANTICS 1
| #define _TANDEM_SOURCE 1
| #define STDC_HEADERS 1
| #define HAVE_DIRENT_H 1
| #define TIME_WITH_SYS_TIME 1
| #define HAVE_STDLIB_H 1
| #define HAVE_LOCALE_H 1
| #define HAVE_UNISTD_H 1
| #define HAVE_LIMITS_H 1
| #define HAVE_FCNTL_H 1
| #define HAVE_STRING_H 1
| #define HAVE_MEMORY_H 1
| #define HAVE_SYS_PARAM_H 1
| #define HAVE_SYS_TIME_H 1
| #define HAVE_SYS_TIMEB_H 1
| #define RETSIGTYPE void
| #define ST_MTIM_NSEC tv_nsec
| #define FILE_TIMESTAMP_HI_RES 1
| /* end confdefs.h.  */
| 
| /* Override any GCC internal prototype to avoid an error.
|    Use char because int might match the return type of a GCC
|    builtin and then its argument prototype would still apply.  */
| #ifdef __cplusplus
| extern "C"
| #endif
| char clock_gettime ();
| int
| main ()
| {
| return clock_gettime ();
|   ;
|   return 0;
| }
configure:7844: gcc -o conftest   -I/var/services/homes/spparmar/spec2006/tools/output/include   -L/var/services/homes/spparmar/spec2006/tools/output/lib   conftest.c -lrt    >&5
configure:7844: $? = 0
configure:7861: result: -lrt
configure:7880: checking for standard gettimeofday
configure:7899: gcc -o conftest   -I/var/services/homes/spparmar/spec2006/tools/output/include   -L/var/services/homes/spparmar/spec2006/tools/output/lib   conftest.c -lrt   >&5
conftest.c: In function 'main':
conftest.c:47:4: warning: incompatible implicit declaration of built-in function 'exit' [enabled by default]
configure:7899: $? = 0
configure:7899: ./conftest
configure:7899: $? = 0
configure:7909: result: yes
configure:7923: checking for memcpy
configure:7923: gcc -o conftest   -I/var/services/homes/spparmar/spec2006/tools/output/include   -L/var/services/homes/spparmar/spec2006/tools/output/lib   conftest.c -lrt   >&5
conftest.c:67:6: warning: conflicting types for built-in function 'memcpy' [enabled by default]
configure:7923: $? = 0
configure:7923: result: yes
configure:7923: checking for memmove
configure:7923: gcc -o conftest   -I/var/services/homes/spparmar/spec2006/tools/output/include   -L/var/services/homes/spparmar/spec2006/tools/output/lib   conftest.c -lrt   >&5
conftest.c:68:6: warning: conflicting types for built-in function 'memmove' [enabled by default]
configure:7923: $? = 0
configure:7923: result: yes
configure:7923: checking for strchr
configure:7923: gcc -o conftest   -I/var/services/homes/spparmar/spec2006/tools/output/include   -L/var/services/homes/spparmar/spec2006/tools/output/lib   conftest.c -lrt   >&5
conftest.c:69:6: warning: conflicting types for built-in function 'strchr' [enabled by default]
configure:7923: $? = 0
configure:7923: result: yes
configure:7923: checking for strdup
configure:7923: gcc -o conftest   -I/var/services/homes/spparmar/spec2006/tools/output/include   -L/var/services/homes/spparmar/spec2006/tools/output/lib   conftest.c -lrt   >&5
conftest.c:70:6: warning: conflicting types for built-in function 'strdup' [enabled by default]
configure:7923: $? = 0
configure:7923: result: yes
configure:7923: checking for mkstemp
configure:7923: gcc -o conftest   -I/var/services/homes/spparmar/spec2006/tools/output/include   -L/var/services/homes/spparmar/spec2006/tools/output/lib   conftest.c -lrt   >&5
configure:7923: $? = 0
configure:7923: result: yes
configure:7923: checking for mktemp
configure:7923: gcc -o conftest   -I/var/services/homes/spparmar/spec2006/tools/output/include   -L/var/services/homes/spparmar/spec2006/tools/output/lib   conftest.c -lrt   >&5
configure:7923: $? = 0
configure:7923: result: yes
configure:7923: checking for fdopen
configure:7923: gcc -o conftest   -I/var/services/homes/spparmar/spec2006/tools/output/include   -L/var/services/homes/spparmar/spec2006/tools/output/lib   conftest.c -lrt   >&5
configure:7923: $? = 0
configure:7923: result: yes
configure:7923: checking for bsd_signal
configure:7923: gcc -o conftest   -I/var/services/homes/spparmar/spec2006/tools/output/include   -L/var/services/homes/spparmar/spec2006/tools/output/lib   conftest.c -lrt   >&5
configure:7923: $? = 0
configure:7923: result: yes
configure:7923: checking for dup2
configure:7923: gcc -o conftest   -I/var/services/homes/spparmar/spec2006/tools/output/include   -L/var/services/homes/spparmar/spec2006/tools/output/lib   conftest.c -lrt   >&5
configure:7923: $? = 0
configure:7923: result: yes
configure:7923: checking for getcwd
configure:7923: gcc -o conftest   -I/var/services/homes/spparmar/spec2006/tools/output/include   -L/var/services/homes/spparmar/spec2006/tools/output/lib   conftest.c -lrt   >&5
configure:7923: $? = 0
configure:7923: result: yes
configure:7923: checking for sigsetmask
configure:7923: gcc -o conftest   -I/var/services/homes/spparmar/spec2006/tools/output/include   -L/var/services/homes/spparmar/spec2006/tools/output/lib   conftest.c -lrt   >&5
configure:7923: $? = 0
configure:7923: result: yes
configure:7923: checking for sigaction
configure:7923: gcc -o conftest   -I/var/services/homes/spparmar/spec2006/tools/output/include   -L/var/services/homes/spparmar/spec2006/tools/output/lib   conftest.c -lrt   >&5
configure:7923: $? = 0
configure:7923: result: yes
configure:7923: checking for getgroups
configure:7923: gcc -o conftest   -I/var/services/homes/spparmar/spec2006/tools/output/include   -L/var/services/homes/spparmar/spec2006/tools/output/lib   conftest.c -lrt   >&5
configure:7923: $? = 0
configure:7923: result: yes
configure:7923: checking for seteuid
configure:7923: gcc -o conftest   -I/var/services/homes/spparmar/spec2006/tools/output/include   -L/var/services/homes/spparmar/spec2006/tools/output/lib   conftest.c -lrt   >&5
configure:7923: $? = 0
configure:7923: result: yes
configure:7923: checking for setegid
configure:7923: gcc -o conftest   -I/var/services/homes/spparmar/spec2006/tools/output/include   -L/var/services/homes/spparmar/spec2006/tools/output/lib   conftest.c -lrt   >&5
configure:7923: $? = 0
configure:7923: result: yes
configure:7923: checking for setlinebuf
configure:7923: gcc -o conftest   -I/var/services/homes/spparmar/spec2006/tools/output/include   -L/var/services/homes/spparmar/spec2006/tools/output/lib   conftest.c -lrt   >&5
configure:7923: $? = 0
configure:7923: result: yes
configure:7923: checking for setreuid
configure:7923: gcc -o conftest   -I/var/services/homes/spparmar/spec2006/tools/output/include   -L/var/services/homes/spparmar/spec2006/tools/output/lib   conftest.c -lrt   >&5
configure:7923: $? = 0
configure:7923: result: yes
configure:7923: checking for setregid
configure:7923: gcc -o conftest   -I/var/services/homes/spparmar/spec2006/tools/output/include   -L/var/services/homes/spparmar/spec2006/tools/output/lib   conftest.c -lrt   >&5
configure:7923: $? = 0
configure:7923: result: yes
configure:7923: checking for setvbuf
configure:7923: gcc -o conftest   -I/var/services/homes/spparmar/spec2006/tools/output/include   -L/var/services/homes/spparmar/spec2006/tools/output/lib   conftest.c -lrt   >&5
configure:7923: $? = 0
configure:7923: result: yes
configure:7923: checking for pipe
configure:7923: gcc -o conftest   -I/var/services/homes/spparmar/spec2006/tools/output/include   -L/var/services/homes/spparmar/spec2006/tools/output/lib   conftest.c -lrt   >&5
configure:7923: $? = 0
configure:7923: result: yes
configure:7923: checking for strerror
configure:7923: gcc -o conftest   -I/var/services/homes/spparmar/spec2006/tools/output/include   -L/var/services/homes/spparmar/spec2006/tools/output/lib   conftest.c -lrt   >&5
configure:7923: $? = 0
configure:7923: result: yes
configure:7923: checking for strsignal
configure:7923: gcc -o conftest   -I/var/services/homes/spparmar/spec2006/tools/output/include   -L/var/services/homes/spparmar/spec2006/tools/output/lib   conftest.c -lrt   >&5
configure:7923: $? = 0
configure:7923: result: yes
configure:7933: checking for function prototypes
configure:7936: result: yes
configure:7949: checking whether setvbuf arguments are reversed
configure:7969: gcc -o conftest   -I/var/services/homes/spparmar/spec2006/tools/output/include   -L/var/services/homes/spparmar/spec2006/tools/output/lib   conftest.c -lrt   >&5
conftest.c:70:10: error: conflicting types for 'setvbuf'
In file included from conftest.c:68:0:
/usr/include/stdio.h:337:12: note: previous declaration of 'setvbuf' was here
configure:7969: $? = 1
configure: failed program was:
| /* confdefs.h */
| #define PACKAGE_NAME "GNU make"
| #define PACKAGE_TARNAME "make"
| #define PACKAGE_VERSION "3.80spec"
| #define PACKAGE_STRING "GNU make 3.80spec"
| #define PACKAGE_BUGREPORT "support@spec.org"
| #define PACKAGE_URL "http://www.gnu.org/software/make/"
| #define PACKAGE "make"
| #define VERSION "3.80spec"
| #define STDC_HEADERS 1
| #define HAVE_SYS_TYPES_H 1
| #define HAVE_SYS_STAT_H 1
| #define HAVE_STDLIB_H 1
| #define HAVE_STRING_H 1
| #define HAVE_MEMORY_H 1
| #define HAVE_STRINGS_H 1
| #define HAVE_INTTYPES_H 1
| #define HAVE_STDINT_H 1
| #define HAVE_UNISTD_H 1
| #define __EXTENSIONS__ 1
| #define _ALL_SOURCE 1
| #define _GNU_SOURCE 1
| #define _POSIX_PTHREAD_SEMANTICS 1
| #define _TANDEM_SOURCE 1
| #define STDC_HEADERS 1
| #define HAVE_DIRENT_H 1
| #define TIME_WITH_SYS_TIME 1
| #define HAVE_STDLIB_H 1
| #define HAVE_LOCALE_H 1
| #define HAVE_UNISTD_H 1
| #define HAVE_LIMITS_H 1
| #define HAVE_FCNTL_H 1
| #define HAVE_STRING_H 1
| #define HAVE_MEMORY_H 1
| #define HAVE_SYS_PARAM_H 1
| #define HAVE_SYS_TIME_H 1
| #define HAVE_SYS_TIMEB_H 1
| #define RETSIGTYPE void
| #define ST_MTIM_NSEC tv_nsec
| #define FILE_TIMESTAMP_HI_RES 1
| #define HAVE_CLOCK_GETTIME 1
| #define HAVE_GETTIMEOFDAY 1
| #define HAVE_MEMCPY 1
| #define HAVE_MEMMOVE 1
| #define HAVE_STRCHR 1
| #define HAVE_STRDUP 1
| #define HAVE_MKSTEMP 1
| #define HAVE_MKTEMP 1
| #define HAVE_FDOPEN 1
| #define HAVE_BSD_SIGNAL 1
| #define HAVE_DUP2 1
| #define HAVE_GETCWD 1
| #define HAVE_SIGSETMASK 1
| #define HAVE_SIGACTION 1
| #define HAVE_GETGROUPS 1
| #define HAVE_SETEUID 1
| #define HAVE_SETEGID 1
| #define HAVE_SETLINEBUF 1
| #define HAVE_SETREUID 1
| #define HAVE_SETREGID 1
| #define HAVE_SETVBUF 1
| #define HAVE_PIPE 1
| #define HAVE_STRERROR 1
| #define HAVE_STRSIGNAL 1
| #define PROTOTYPES 1
| #define __PROTOTYPES 1
| /* end confdefs.h.  */
| #include <stdio.h>
| #	  if PROTOTYPES
| 	   int (setvbuf) (FILE *, int, char *, size_t);
| #	  endif
| int
| main ()
| {
| char buf; return setvbuf (stdout, _IOLBF, &buf, 1);
|   ;
|   return 0;
| }
configure:8026: result: no
configure:8036: checking for working strcoll
configure:8057: gcc -o conftest   -I/var/services/homes/spparmar/spec2006/tools/output/include   -L/var/services/homes/spparmar/spec2006/tools/output/lib   conftest.c -lrt   >&5
configure:8057: $? = 0
configure:8057: ./conftest
configure:8057: $? = 0
configure:8067: result: yes
configure:8076: checking for size_t
configure:8076: gcc -c   -I/var/services/homes/spparmar/spec2006/tools/output/include   conftest.c >&5
configure:8076: $? = 0
configure:8076: gcc -c   -I/var/services/homes/spparmar/spec2006/tools/output/include   conftest.c >&5
conftest.c: In function 'main':
conftest.c:105:21: error: expected expression before ')' token
configure:8076: $? = 1
configure: failed program was:
| /* confdefs.h */
| #define PACKAGE_NAME "GNU make"
| #define PACKAGE_TARNAME "make"
| #define PACKAGE_VERSION "3.80spec"
| #define PACKAGE_STRING "GNU make 3.80spec"
| #define PACKAGE_BUGREPORT "support@spec.org"
| #define PACKAGE_URL "http://www.gnu.org/software/make/"
| #define PACKAGE "make"
| #define VERSION "3.80spec"
| #define STDC_HEADERS 1
| #define HAVE_SYS_TYPES_H 1
| #define HAVE_SYS_STAT_H 1
| #define HAVE_STDLIB_H 1
| #define HAVE_STRING_H 1
| #define HAVE_MEMORY_H 1
| #define HAVE_STRINGS_H 1
| #define HAVE_INTTYPES_H 1
| #define HAVE_STDINT_H 1
| #define HAVE_UNISTD_H 1
| #define __EXTENSIONS__ 1
| #define _ALL_SOURCE 1
| #define _GNU_SOURCE 1
| #define _POSIX_PTHREAD_SEMANTICS 1
| #define _TANDEM_SOURCE 1
| #define STDC_HEADERS 1
| #define HAVE_DIRENT_H 1
| #define TIME_WITH_SYS_TIME 1
| #define HAVE_STDLIB_H 1
| #define HAVE_LOCALE_H 1
| #define HAVE_UNISTD_H 1
| #define HAVE_LIMITS_H 1
| #define HAVE_FCNTL_H 1
| #define HAVE_STRING_H 1
| #define HAVE_MEMORY_H 1
| #define HAVE_SYS_PARAM_H 1
| #define HAVE_SYS_TIME_H 1
| #define HAVE_SYS_TIMEB_H 1
| #define RETSIGTYPE void
| #define ST_MTIM_NSEC tv_nsec
| #define FILE_TIMESTAMP_HI_RES 1
| #define HAVE_CLOCK_GETTIME 1
| #define HAVE_GETTIMEOFDAY 1
| #define HAVE_MEMCPY 1
| #define HAVE_MEMMOVE 1
| #define HAVE_STRCHR 1
| #define HAVE_STRDUP 1
| #define HAVE_MKSTEMP 1
| #define HAVE_MKTEMP 1
| #define HAVE_FDOPEN 1
| #define HAVE_BSD_SIGNAL 1
| #define HAVE_DUP2 1
| #define HAVE_GETCWD 1
| #define HAVE_SIGSETMASK 1
| #define HAVE_SIGACTION 1
| #define HAVE_GETGROUPS 1
| #define HAVE_SETEUID 1
| #define HAVE_SETEGID 1
| #define HAVE_SETLINEBUF 1
| #define HAVE_SETREUID 1
| #define HAVE_SETREGID 1
| #define HAVE_SETVBUF 1
| #define HAVE_PIPE 1
| #define HAVE_STRERROR 1
| #define HAVE_STRSIGNAL 1
| #define PROTOTYPES 1
| #define __PROTOTYPES 1
| #define HAVE_STRCOLL 1
| /* end confdefs.h.  */
| #include <stdio.h>
| #ifdef HAVE_SYS_TYPES_H
| # include <sys/types.h>
| #endif
| #ifdef HAVE_SYS_STAT_H
| # include <sys/stat.h>
| #endif
| #ifdef STDC_HEADERS
| # include <stdlib.h>
| # include <stddef.h>
| #else
| # ifdef HAVE_STDLIB_H
| #  include <stdlib.h>
| # endif
| #endif
| #ifdef HAVE_STRING_H
| # if !defined STDC_HEADERS && defined HAVE_MEMORY_H
| #  include <memory.h>
| # endif
| # include <string.h>
| #endif
| #ifdef HAVE_STRINGS_H
| # include <strings.h>
| #endif
| #ifdef HAVE_INTTYPES_H
| # include <inttypes.h>
| #endif
| #ifdef HAVE_STDINT_H
| # include <stdint.h>
| #endif
| #ifdef HAVE_UNISTD_H
| # include <unistd.h>
| #endif
| int
| main ()
| {
| if (sizeof ((size_t)))
| 	    return 0;
|   ;
|   return 0;
| }
configure:8076: result: yes
configure:8089: checking for working alloca.h
configure:8106: gcc -o conftest   -I/var/services/homes/spparmar/spec2006/tools/output/include   -L/var/services/homes/spparmar/spec2006/tools/output/lib   conftest.c -lrt   >&5
configure:8106: $? = 0
configure:8114: result: yes
configure:8122: checking for alloca
configure:8159: gcc -o conftest   -I/var/services/homes/spparmar/spec2006/tools/output/include   -L/var/services/homes/spparmar/spec2006/tools/output/lib   conftest.c -lrt   >&5
configure:8159: $? = 0
configure:8167: result: yes
configure:8275: checking vfork.h usability
configure:8275: gcc -c   -I/var/services/homes/spparmar/spec2006/tools/output/include   conftest.c >&5
conftest.c:104:19: fatal error: vfork.h: No such file or directory
compilation terminated.
configure:8275: $? = 1
configure: failed program was:
| /* confdefs.h */
| #define PACKAGE_NAME "GNU make"
| #define PACKAGE_TARNAME "make"
| #define PACKAGE_VERSION "3.80spec"
| #define PACKAGE_STRING "GNU make 3.80spec"
| #define PACKAGE_BUGREPORT "support@spec.org"
| #define PACKAGE_URL "http://www.gnu.org/software/make/"
| #define PACKAGE "make"
| #define VERSION "3.80spec"
| #define STDC_HEADERS 1
| #define HAVE_SYS_TYPES_H 1
| #define HAVE_SYS_STAT_H 1
| #define HAVE_STDLIB_H 1
| #define HAVE_STRING_H 1
| #define HAVE_MEMORY_H 1
| #define HAVE_STRINGS_H 1
| #define HAVE_INTTYPES_H 1
| #define HAVE_STDINT_H 1
| #define HAVE_UNISTD_H 1
| #define __EXTENSIONS__ 1
| #define _ALL_SOURCE 1
| #define _GNU_SOURCE 1
| #define _POSIX_PTHREAD_SEMANTICS 1
| #define _TANDEM_SOURCE 1
| #define STDC_HEADERS 1
| #define HAVE_DIRENT_H 1
| #define TIME_WITH_SYS_TIME 1
| #define HAVE_STDLIB_H 1
| #define HAVE_LOCALE_H 1
| #define HAVE_UNISTD_H 1
| #define HAVE_LIMITS_H 1
| #define HAVE_FCNTL_H 1
| #define HAVE_STRING_H 1
| #define HAVE_MEMORY_H 1
| #define HAVE_SYS_PARAM_H 1
| #define HAVE_SYS_TIME_H 1
| #define HAVE_SYS_TIMEB_H 1
| #define RETSIGTYPE void
| #define ST_MTIM_NSEC tv_nsec
| #define FILE_TIMESTAMP_HI_RES 1
| #define HAVE_CLOCK_GETTIME 1
| #define HAVE_GETTIMEOFDAY 1
| #define HAVE_MEMCPY 1
| #define HAVE_MEMMOVE 1
| #define HAVE_STRCHR 1
| #define HAVE_STRDUP 1
| #define HAVE_MKSTEMP 1
| #define HAVE_MKTEMP 1
| #define HAVE_FDOPEN 1
| #define HAVE_BSD_SIGNAL 1
| #define HAVE_DUP2 1
| #define HAVE_GETCWD 1
| #define HAVE_SIGSETMASK 1
| #define HAVE_SIGACTION 1
| #define HAVE_GETGROUPS 1
| #define HAVE_SETEUID 1
| #define HAVE_SETEGID 1
| #define HAVE_SETLINEBUF 1
| #define HAVE_SETREUID 1
| #define HAVE_SETREGID 1
| #define HAVE_SETVBUF 1
| #define HAVE_PIPE 1
| #define HAVE_STRERROR 1
| #define HAVE_STRSIGNAL 1
| #define PROTOTYPES 1
| #define __PROTOTYPES 1
| #define HAVE_STRCOLL 1
| #define HAVE_ALLOCA_H 1
| #define HAVE_ALLOCA 1
| /* end confdefs.h.  */
| #include <stdio.h>
| #ifdef HAVE_SYS_TYPES_H
| # include <sys/types.h>
| #endif
| #ifdef HAVE_SYS_STAT_H
| # include <sys/stat.h>
| #endif
| #ifdef STDC_HEADERS
| # include <stdlib.h>
| # include <stddef.h>
| #else
| # ifdef HAVE_STDLIB_H
| #  include <stdlib.h>
| # endif
| #endif
| #ifdef HAVE_STRING_H
| # if !defined STDC_HEADERS && defined HAVE_MEMORY_H
| #  include <memory.h>
| # endif
| # include <string.h>
| #endif
| #ifdef HAVE_STRINGS_H
| # include <strings.h>
| #endif
| #ifdef HAVE_INTTYPES_H
| # include <inttypes.h>
| #endif
| #ifdef HAVE_STDINT_H
| # include <stdint.h>
| #endif
| #ifdef HAVE_UNISTD_H
| # include <unistd.h>
| #endif
| #include <vfork.h>
configure:8275: result: no
configure:8275: checking vfork.h presence
configure:8275: gcc -E -I/var/services/homes/spparmar/spec2006/tools/output/include   conftest.c
conftest.c:71:19: fatal error: vfork.h: No such file or directory
compilation terminated.
configure:8275: $? = 1
configure: failed program was:
| /* confdefs.h */
| #define PACKAGE_NAME "GNU make"
| #define PACKAGE_TARNAME "make"
| #define PACKAGE_VERSION "3.80spec"
| #define PACKAGE_STRING "GNU make 3.80spec"
| #define PACKAGE_BUGREPORT "support@spec.org"
| #define PACKAGE_URL "http://www.gnu.org/software/make/"
| #define PACKAGE "make"
| #define VERSION "3.80spec"
| #define STDC_HEADERS 1
| #define HAVE_SYS_TYPES_H 1
| #define HAVE_SYS_STAT_H 1
| #define HAVE_STDLIB_H 1
| #define HAVE_STRING_H 1
| #define HAVE_MEMORY_H 1
| #define HAVE_STRINGS_H 1
| #define HAVE_INTTYPES_H 1
| #define HAVE_STDINT_H 1
| #define HAVE_UNISTD_H 1
| #define __EXTENSIONS__ 1
| #define _ALL_SOURCE 1
| #define _GNU_SOURCE 1
| #define _POSIX_PTHREAD_SEMANTICS 1
| #define _TANDEM_SOURCE 1
| #define STDC_HEADERS 1
| #define HAVE_DIRENT_H 1
| #define TIME_WITH_SYS_TIME 1
| #define HAVE_STDLIB_H 1
| #define HAVE_LOCALE_H 1
| #define HAVE_UNISTD_H 1
| #define HAVE_LIMITS_H 1
| #define HAVE_FCNTL_H 1
| #define HAVE_STRING_H 1
| #define HAVE_MEMORY_H 1
| #define HAVE_SYS_PARAM_H 1
| #define HAVE_SYS_TIME_H 1
| #define HAVE_SYS_TIMEB_H 1
| #define RETSIGTYPE void
| #define ST_MTIM_NSEC tv_nsec
| #define FILE_TIMESTAMP_HI_RES 1
| #define HAVE_CLOCK_GETTIME 1
| #define HAVE_GETTIMEOFDAY 1
| #define HAVE_MEMCPY 1
| #define HAVE_MEMMOVE 1
| #define HAVE_STRCHR 1
| #define HAVE_STRDUP 1
| #define HAVE_MKSTEMP 1
| #define HAVE_MKTEMP 1
| #define HAVE_FDOPEN 1
| #define HAVE_BSD_SIGNAL 1
| #define HAVE_DUP2 1
| #define HAVE_GETCWD 1
| #define HAVE_SIGSETMASK 1
| #define HAVE_SIGACTION 1
| #define HAVE_GETGROUPS 1
| #define HAVE_SETEUID 1
| #define HAVE_SETEGID 1
| #define HAVE_SETLINEBUF 1
| #define HAVE_SETREUID 1
| #define HAVE_SETREGID 1
| #define HAVE_SETVBUF 1
| #define HAVE_PIPE 1
| #define HAVE_STRERROR 1
| #define HAVE_STRSIGNAL 1
| #define PROTOTYPES 1
| #define __PROTOTYPES 1
| #define HAVE_STRCOLL 1
| #define HAVE_ALLOCA_H 1
| #define HAVE_ALLOCA 1
| /* end confdefs.h.  */
| #include <vfork.h>
configure:8275: result: no
configure:8275: checking for vfork.h
configure:8275: result: no
configure:8288: checking for fork
configure:8288: gcc -o conftest   -I/var/services/homes/spparmar/spec2006/tools/output/include   -L/var/services/homes/spparmar/spec2006/tools/output/lib   conftest.c -lrt   >&5
conftest.c:94:6: warning: conflicting types for built-in function 'fork' [enabled by default]
configure:8288: $? = 0
configure:8288: result: yes
configure:8288: checking for vfork
configure:8288: gcc -o conftest   -I/var/services/homes/spparmar/spec2006/tools/output/include   -L/var/services/homes/spparmar/spec2006/tools/output/lib   conftest.c -lrt   >&5
configure:8288: $? = 0
configure:8288: result: yes
configure:8298: checking for working fork
configure:8320: gcc -o conftest   -I/var/services/homes/spparmar/spec2006/tools/output/include   -L/var/services/homes/spparmar/spec2006/tools/output/lib   conftest.c -lrt   >&5
configure:8320: $? = 0
configure:8320: ./conftest
configure:8320: $? = 0
configure:8330: result: yes
configure:8351: checking for working vfork
configure:8461: result: yes
configure:8488: checking for vprintf
configure:8488: gcc -o conftest   -I/var/services/homes/spparmar/spec2006/tools/output/include   -L/var/services/homes/spparmar/spec2006/tools/output/lib   conftest.c -lrt   >&5
conftest.c:98:6: warning: conflicting types for built-in function 'vprintf' [enabled by default]
configure:8488: $? = 0
configure:8488: result: yes
configure:8494: checking for _doprnt
configure:8494: gcc -o conftest   -I/var/services/homes/spparmar/spec2006/tools/output/include   -L/var/services/homes/spparmar/spec2006/tools/output/lib   conftest.c -lrt   >&5
/tmp/cctkyChy.o: In function `main':
conftest.c:(.text+0xa): undefined reference to `_doprnt'
collect2: error: ld returned 1 exit status
configure:8494: $? = 1
configure: failed program was:
| /* confdefs.h */
| #define PACKAGE_NAME "GNU make"
| #define PACKAGE_TARNAME "make"
| #define PACKAGE_VERSION "3.80spec"
| #define PACKAGE_STRING "GNU make 3.80spec"
| #define PACKAGE_BUGREPORT "support@spec.org"
| #define PACKAGE_URL "http://www.gnu.org/software/make/"
| #define PACKAGE "make"
| #define VERSION "3.80spec"
| #define STDC_HEADERS 1
| #define HAVE_SYS_TYPES_H 1
| #define HAVE_SYS_STAT_H 1
| #define HAVE_STDLIB_H 1
| #define HAVE_STRING_H 1
| #define HAVE_MEMORY_H 1
| #define HAVE_STRINGS_H 1
| #define HAVE_INTTYPES_H 1
| #define HAVE_STDINT_H 1
| #define HAVE_UNISTD_H 1
| #define __EXTENSIONS__ 1
| #define _ALL_SOURCE 1
| #define _GNU_SOURCE 1
| #define _POSIX_PTHREAD_SEMANTICS 1
| #define _TANDEM_SOURCE 1
| #define STDC_HEADERS 1
| #define HAVE_DIRENT_H 1
| #define TIME_WITH_SYS_TIME 1
| #define HAVE_STDLIB_H 1
| #define HAVE_LOCALE_H 1
| #define HAVE_UNISTD_H 1
| #define HAVE_LIMITS_H 1
| #define HAVE_FCNTL_H 1
| #define HAVE_STRING_H 1
| #define HAVE_MEMORY_H 1
| #define HAVE_SYS_PARAM_H 1
| #define HAVE_SYS_TIME_H 1
| #define HAVE_SYS_TIMEB_H 1
| #define RETSIGTYPE void
| #define ST_MTIM_NSEC tv_nsec
| #define FILE_TIMESTAMP_HI_RES 1
| #define HAVE_CLOCK_GETTIME 1
| #define HAVE_GETTIMEOFDAY 1
| #define HAVE_MEMCPY 1
| #define HAVE_MEMMOVE 1
| #define HAVE_STRCHR 1
| #define HAVE_STRDUP 1
| #define HAVE_MKSTEMP 1
| #define HAVE_MKTEMP 1
| #define HAVE_FDOPEN 1
| #define HAVE_BSD_SIGNAL 1
| #define HAVE_DUP2 1
| #define HAVE_GETCWD 1
| #define HAVE_SIGSETMASK 1
| #define HAVE_SIGACTION 1
| #define HAVE_GETGROUPS 1
| #define HAVE_SETEUID 1
| #define HAVE_SETEGID 1
| #define HAVE_SETLINEBUF 1
| #define HAVE_SETREUID 1
| #define HAVE_SETREGID 1
| #define HAVE_SETVBUF 1
| #define HAVE_PIPE 1
| #define HAVE_STRERROR 1
| #define HAVE_STRSIGNAL 1
| #define PROTOTYPES 1
| #define __PROTOTYPES 1
| #define HAVE_STRCOLL 1
| #define HAVE_ALLOCA_H 1
| #define HAVE_ALLOCA 1
| #define HAVE_FORK 1
| #define HAVE_VFORK 1
| #define HAVE_WORKING_VFORK 1
| #define HAVE_WORKING_FORK 1
| #define HAVE_VPRINTF 1
| /* end confdefs.h.  */
| /* Define _doprnt to an innocuous variant, in case <limits.h> declares _doprnt.
|    For example, HP-UX 11i <limits.h> declares gettimeofday.  */
| #define _doprnt innocuous__doprnt
| 
| /* System header to define __stub macros and hopefully few prototypes,
|     which can conflict with char _doprnt (); below.
|     Prefer <limits.h> to <assert.h> if __STDC__ is defined, since
|     <limits.h> exists even on freestanding compilers.  */
| 
| #ifdef __STDC__
| # include <limits.h>
| #else
| # include <assert.h>
| #endif
| 
| #undef _doprnt
| 
| /* Override any GCC internal prototype to avoid an error.
|    Use char because int might match the return type of a GCC
|    builtin and then its argument prototype would still apply.  */
| #ifdef __cplusplus
| extern "C"
| #endif
| char _doprnt ();
| /* The GNU C library defines this for functions which it implements
|     to always fail with ENOSYS.  Some functions are actually named
|     something starting with __ and the normal name is an alias.  */
| #if defined __stub__doprnt || defined __stub____doprnt
| choke me
| #endif
| 
| int
| main ()
| {
| return _doprnt ();
|   ;
|   return 0;
| }
configure:8494: result: no
configure:8505: checking whether closedir returns void
configure:8529: gcc -o conftest   -I/var/services/homes/spparmar/spec2006/tools/output/include   -L/var/services/homes/spparmar/spec2006/tools/output/lib   conftest.c -lrt   >&5
configure:8529: $? = 0
configure:8529: ./conftest
configure:8529: $? = 0
configure:8539: result: no
configure:8557: checking for getloadavg
configure:8557: gcc -o conftest   -I/var/services/homes/spparmar/spec2006/tools/output/include   -L/var/services/homes/spparmar/spec2006/tools/output/lib   conftest.c -lrt   >&5
configure:8557: $? = 0
configure:8557: result: yes
configure:8568: checking for pstat_getdynamic
configure:8568: gcc -o conftest   -I/var/services/homes/spparmar/spec2006/tools/output/include   -L/var/services/homes/spparmar/spec2006/tools/output/lib   conftest.c -lrt   >&5
/tmp/ccwREIDS.o: In function `main':
conftest.c:(.text+0xa): undefined reference to `pstat_getdynamic'
collect2: error: ld returned 1 exit status
configure:8568: $? = 1
configure: failed program was:
| /* confdefs.h */
| #define PACKAGE_NAME "GNU make"
| #define PACKAGE_TARNAME "make"
| #define PACKAGE_VERSION "3.80spec"
| #define PACKAGE_STRING "GNU make 3.80spec"
| #define PACKAGE_BUGREPORT "support@spec.org"
| #define PACKAGE_URL "http://www.gnu.org/software/make/"
| #define PACKAGE "make"
| #define VERSION "3.80spec"
| #define STDC_HEADERS 1
| #define HAVE_SYS_TYPES_H 1
| #define HAVE_SYS_STAT_H 1
| #define HAVE_STDLIB_H 1
| #define HAVE_STRING_H 1
| #define HAVE_MEMORY_H 1
| #define HAVE_STRINGS_H 1
| #define HAVE_INTTYPES_H 1
| #define HAVE_STDINT_H 1
| #define HAVE_UNISTD_H 1
| #define __EXTENSIONS__ 1
| #define _ALL_SOURCE 1
| #define _GNU_SOURCE 1
| #define _POSIX_PTHREAD_SEMANTICS 1
| #define _TANDEM_SOURCE 1
| #define STDC_HEADERS 1
| #define HAVE_DIRENT_H 1
| #define TIME_WITH_SYS_TIME 1
| #define HAVE_STDLIB_H 1
| #define HAVE_LOCALE_H 1
| #define HAVE_UNISTD_H 1
| #define HAVE_LIMITS_H 1
| #define HAVE_FCNTL_H 1
| #define HAVE_STRING_H 1
| #define HAVE_MEMORY_H 1
| #define HAVE_SYS_PARAM_H 1
| #define HAVE_SYS_TIME_H 1
| #define HAVE_SYS_TIMEB_H 1
| #define RETSIGTYPE void
| #define ST_MTIM_NSEC tv_nsec
| #define FILE_TIMESTAMP_HI_RES 1
| #define HAVE_CLOCK_GETTIME 1
| #define HAVE_GETTIMEOFDAY 1
| #define HAVE_MEMCPY 1
| #define HAVE_MEMMOVE 1
| #define HAVE_STRCHR 1
| #define HAVE_STRDUP 1
| #define HAVE_MKSTEMP 1
| #define HAVE_MKTEMP 1
| #define HAVE_FDOPEN 1
| #define HAVE_BSD_SIGNAL 1
| #define HAVE_DUP2 1
| #define HAVE_GETCWD 1
| #define HAVE_SIGSETMASK 1
| #define HAVE_SIGACTION 1
| #define HAVE_GETGROUPS 1
| #define HAVE_SETEUID 1
| #define HAVE_SETEGID 1
| #define HAVE_SETLINEBUF 1
| #define HAVE_SETREUID 1
| #define HAVE_SETREGID 1
| #define HAVE_SETVBUF 1
| #define HAVE_PIPE 1
| #define HAVE_STRERROR 1
| #define HAVE_STRSIGNAL 1
| #define PROTOTYPES 1
| #define __PROTOTYPES 1
| #define HAVE_STRCOLL 1
| #define HAVE_ALLOCA_H 1
| #define HAVE_ALLOCA 1
| #define HAVE_FORK 1
| #define HAVE_VFORK 1
| #define HAVE_WORKING_VFORK 1
| #define HAVE_WORKING_FORK 1
| #define HAVE_VPRINTF 1
| /* end confdefs.h.  */
| /* Define pstat_getdynamic to an innocuous variant, in case <limits.h> declares pstat_getdynamic.
|    For example, HP-UX 11i <limits.h> declares gettimeofday.  */
| #define pstat_getdynamic innocuous_pstat_getdynamic
| 
| /* System header to define __stub macros and hopefully few prototypes,
|     which can conflict with char pstat_getdynamic (); below.
|     Prefer <limits.h> to <assert.h> if __STDC__ is defined, since
|     <limits.h> exists even on freestanding compilers.  */
| 
| #ifdef __STDC__
| # include <limits.h>
| #else
| # include <assert.h>
| #endif
| 
| #undef pstat_getdynamic
| 
| /* Override any GCC internal prototype to avoid an error.
|    Use char because int might match the return type of a GCC
|    builtin and then its argument prototype would still apply.  */
| #ifdef __cplusplus
| extern "C"
| #endif
| char pstat_getdynamic ();
| /* The GNU C library defines this for functions which it implements
|     to always fail with ENOSYS.  Some functions are actually named
|     something starting with __ and the normal name is an alias.  */
| #if defined __stub_pstat_getdynamic || defined __stub___pstat_getdynamic
| choke me
| #endif
| 
| int
| main ()
| {
| return pstat_getdynamic ();
|   ;
|   return 0;
| }
configure:8568: result: no
configure:8579: checking for kstat_open in -lkstat
configure:8604: gcc -o conftest   -I/var/services/homes/spparmar/spec2006/tools/output/include   -L/var/services/homes/spparmar/spec2006/tools/output/lib   conftest.c -lkstat  -lrt   >&5
/usr/bin/ld.bfd.real: cannot find -lkstat
collect2: error: ld returned 1 exit status
configure:8604: $? = 1
configure: failed program was:
| /* confdefs.h */
| #define PACKAGE_NAME "GNU make"
| #define PACKAGE_TARNAME "make"
| #define PACKAGE_VERSION "3.80spec"
| #define PACKAGE_STRING "GNU make 3.80spec"
| #define PACKAGE_BUGREPORT "support@spec.org"
| #define PACKAGE_URL "http://www.gnu.org/software/make/"
| #define PACKAGE "make"
| #define VERSION "3.80spec"
| #define STDC_HEADERS 1
| #define HAVE_SYS_TYPES_H 1
| #define HAVE_SYS_STAT_H 1
| #define HAVE_STDLIB_H 1
| #define HAVE_STRING_H 1
| #define HAVE_MEMORY_H 1
| #define HAVE_STRINGS_H 1
| #define HAVE_INTTYPES_H 1
| #define HAVE_STDINT_H 1
| #define HAVE_UNISTD_H 1
| #define __EXTENSIONS__ 1
| #define _ALL_SOURCE 1
| #define _GNU_SOURCE 1
| #define _POSIX_PTHREAD_SEMANTICS 1
| #define _TANDEM_SOURCE 1
| #define STDC_HEADERS 1
| #define HAVE_DIRENT_H 1
| #define TIME_WITH_SYS_TIME 1
| #define HAVE_STDLIB_H 1
| #define HAVE_LOCALE_H 1
| #define HAVE_UNISTD_H 1
| #define HAVE_LIMITS_H 1
| #define HAVE_FCNTL_H 1
| #define HAVE_STRING_H 1
| #define HAVE_MEMORY_H 1
| #define HAVE_SYS_PARAM_H 1
| #define HAVE_SYS_TIME_H 1
| #define HAVE_SYS_TIMEB_H 1
| #define RETSIGTYPE void
| #define ST_MTIM_NSEC tv_nsec
| #define FILE_TIMESTAMP_HI_RES 1
| #define HAVE_CLOCK_GETTIME 1
| #define HAVE_GETTIMEOFDAY 1
| #define HAVE_MEMCPY 1
| #define HAVE_MEMMOVE 1
| #define HAVE_STRCHR 1
| #define HAVE_STRDUP 1
| #define HAVE_MKSTEMP 1
| #define HAVE_MKTEMP 1
| #define HAVE_FDOPEN 1
| #define HAVE_BSD_SIGNAL 1
| #define HAVE_DUP2 1
| #define HAVE_GETCWD 1
| #define HAVE_SIGSETMASK 1
| #define HAVE_SIGACTION 1
| #define HAVE_GETGROUPS 1
| #define HAVE_SETEUID 1
| #define HAVE_SETEGID 1
| #define HAVE_SETLINEBUF 1
| #define HAVE_SETREUID 1
| #define HAVE_SETREGID 1
| #define HAVE_SETVBUF 1
| #define HAVE_PIPE 1
| #define HAVE_STRERROR 1
| #define HAVE_STRSIGNAL 1
| #define PROTOTYPES 1
| #define __PROTOTYPES 1
| #define HAVE_STRCOLL 1
| #define HAVE_ALLOCA_H 1
| #define HAVE_ALLOCA 1
| #define HAVE_FORK 1
| #define HAVE_VFORK 1
| #define HAVE_WORKING_VFORK 1
| #define HAVE_WORKING_FORK 1
| #define HAVE_VPRINTF 1
| /* end confdefs.h.  */
| 
| /* Override any GCC internal prototype to avoid an error.
|    Use char because int might match the return type of a GCC
|    builtin and then its argument prototype would still apply.  */
| #ifdef __cplusplus
| extern "C"
| #endif
| char kstat_open ();
| int
| main ()
| {
| return kstat_open ();
|   ;
|   return 0;
| }
configure:8613: result: no
configure:8809: checking for getloadavg
configure:8809: gcc -o conftest   -I/var/services/homes/spparmar/spec2006/tools/output/include   -L/var/services/homes/spparmar/spec2006/tools/output/lib   conftest.c -lrt   >&5
configure:8809: $? = 0
configure:8809: result: yes
configure:8981: checking whether getloadavg requires setgid
configure:9002: result: no
configure:9072: checking whether sys_siglist is declared
configure:9072: gcc -c   -I/var/services/homes/spparmar/spec2006/tools/output/include   conftest.c >&5
configure:9072: $? = 0
configure:9072: result: yes
configure:9094: checking sys/wait.h usability
configure:9094: gcc -c   -I/var/services/homes/spparmar/spec2006/tools/output/include   conftest.c >&5
configure:9094: $? = 0
configure:9094: result: yes
configure:9094: checking sys/wait.h presence
configure:9094: gcc -E -I/var/services/homes/spparmar/spec2006/tools/output/include   conftest.c
configure:9094: $? = 0
configure:9094: result: yes
configure:9094: checking for sys/wait.h
configure:9094: result: yes
configure:9107: checking for waitpid
configure:9107: gcc -o conftest   -I/var/services/homes/spparmar/spec2006/tools/output/include   -L/var/services/homes/spparmar/spec2006/tools/output/lib   conftest.c -lrt   >&5
configure:9107: $? = 0
configure:9107: result: yes
configure:9107: checking for wait3
configure:9107: gcc -o conftest   -I/var/services/homes/spparmar/spec2006/tools/output/include   -L/var/services/homes/spparmar/spec2006/tools/output/lib   conftest.c -lrt   >&5
configure:9107: $? = 0
configure:9107: result: yes
configure:9116: checking for union wait
configure:9148: gcc -o conftest   -I/var/services/homes/spparmar/spec2006/tools/output/include   -L/var/services/homes/spparmar/spec2006/tools/output/lib   conftest.c -lrt   >&5
conftest.c: In function 'main':
conftest.c:94:4: error: 'blow' undeclared (first use in this function)
conftest.c:94:4: note: each undeclared identifier is reported only once for each function it appears in
conftest.c:94:9: error: expected ';' before 'chunks'
configure:9148: $? = 1
configure: failed program was:
| /* confdefs.h */
| #define PACKAGE_NAME "GNU make"
| #define PACKAGE_TARNAME "make"
| #define PACKAGE_VERSION "3.80spec"
| #define PACKAGE_STRING "GNU make 3.80spec"
| #define PACKAGE_BUGREPORT "support@spec.org"
| #define PACKAGE_URL "http://www.gnu.org/software/make/"
| #define PACKAGE "make"
| #define VERSION "3.80spec"
| #define STDC_HEADERS 1
| #define HAVE_SYS_TYPES_H 1
| #define HAVE_SYS_STAT_H 1
| #define HAVE_STDLIB_H 1
| #define HAVE_STRING_H 1
| #define HAVE_MEMORY_H 1
| #define HAVE_STRINGS_H 1
| #define HAVE_INTTYPES_H 1
| #define HAVE_STDINT_H 1
| #define HAVE_UNISTD_H 1
| #define __EXTENSIONS__ 1
| #define _ALL_SOURCE 1
| #define _GNU_SOURCE 1
| #define _POSIX_PTHREAD_SEMANTICS 1
| #define _TANDEM_SOURCE 1
| #define STDC_HEADERS 1
| #define HAVE_DIRENT_H 1
| #define TIME_WITH_SYS_TIME 1
| #define HAVE_STDLIB_H 1
| #define HAVE_LOCALE_H 1
| #define HAVE_UNISTD_H 1
| #define HAVE_LIMITS_H 1
| #define HAVE_FCNTL_H 1
| #define HAVE_STRING_H 1
| #define HAVE_MEMORY_H 1
| #define HAVE_SYS_PARAM_H 1
| #define HAVE_SYS_TIME_H 1
| #define HAVE_SYS_TIMEB_H 1
| #define RETSIGTYPE void
| #define ST_MTIM_NSEC tv_nsec
| #define FILE_TIMESTAMP_HI_RES 1
| #define HAVE_CLOCK_GETTIME 1
| #define HAVE_GETTIMEOFDAY 1
| #define HAVE_MEMCPY 1
| #define HAVE_MEMMOVE 1
| #define HAVE_STRCHR 1
| #define HAVE_STRDUP 1
| #define HAVE_MKSTEMP 1
| #define HAVE_MKTEMP 1
| #define HAVE_FDOPEN 1
| #define HAVE_BSD_SIGNAL 1
| #define HAVE_DUP2 1
| #define HAVE_GETCWD 1
| #define HAVE_SIGSETMASK 1
| #define HAVE_SIGACTION 1
| #define HAVE_GETGROUPS 1
| #define HAVE_SETEUID 1
| #define HAVE_SETEGID 1
| #define HAVE_SETLINEBUF 1
| #define HAVE_SETREUID 1
| #define HAVE_SETREGID 1
| #define HAVE_SETVBUF 1
| #define HAVE_PIPE 1
| #define HAVE_STRERROR 1
| #define HAVE_STRSIGNAL 1
| #define PROTOTYPES 1
| #define __PROTOTYPES 1
| #define HAVE_STRCOLL 1
| #define HAVE_ALLOCA_H 1
| #define HAVE_ALLOCA 1
| #define HAVE_FORK 1
| #define HAVE_VFORK 1
| #define HAVE_WORKING_VFORK 1
| #define HAVE_WORKING_FORK 1
| #define HAVE_VPRINTF 1
| #define HAVE_GETLOADAVG 1
| #define HAVE_DECL_SYS_SIGLIST 1
| #define HAVE_SYS_WAIT_H 1
| #define HAVE_WAITPID 1
| #define HAVE_WAIT3 1
| /* end confdefs.h.  */
| #include <sys/types.h>
| #include <sys/wait.h>
| int
| main ()
| {
| union wait status; int pid; pid = wait (&status);
| #ifdef WEXITSTATUS
| /* Some POSIXoid systems have both the new-style macros and the old
|    union wait type, and they do not work together.  If union wait
|    conflicts with WEXITSTATUS et al, we don't want to use it at all.  */
| if (WEXITSTATUS (status) != 0) pid = -1;
| #ifdef WTERMSIG
| /* If we have WEXITSTATUS and WTERMSIG, just use them on ints.  */
| -- blow chunks here --
| #endif
| #endif
| #ifdef HAVE_WAITPID
| /* Make sure union wait works with waitpid.  */
| pid = waitpid (-1, &status, 0);
| #endif
| 
|   ;
|   return 0;
| }
configure:9162: result: no
configure:9675: checking for SA_RESTART
configure:9692: gcc -c   -I/var/services/homes/spparmar/spec2006/tools/output/include   conftest.c >&5
configure:9692: $? = 0
configure:9699: result: yes
configure:9716: checking for location of SCCS get command
configure:9728: result: get
configure:9766: checking if system libc has GNU glob
configure:9790: result: yes
configure:9835: checking if malloc debugging is wanted
configure:9853: result: no
configure:10051: creating ./config.status

## ---------------- ##
## Cache variables. ##
## ---------------- ##

ac_cv_build=x86_64-unknown-linux-gnu
ac_cv_c_compiler_gnu=yes
ac_cv_c_const=yes
ac_cv_env_CC_set=
ac_cv_env_CC_value=
ac_cv_env_CFLAGS_set=set
ac_cv_env_CFLAGS_value=' '
ac_cv_env_CPPFLAGS_set=set
ac_cv_env_CPPFLAGS_value='-I/var/services/homes/spparmar/spec2006/tools/output/include  '
ac_cv_env_CPP_set=
ac_cv_env_CPP_value=
ac_cv_env_LDFLAGS_set=set
ac_cv_env_LDFLAGS_value='-L/var/services/homes/spparmar/spec2006/tools/output/lib  '
ac_cv_env_LIBS_set=set
ac_cv_env_LIBS_value=' '
ac_cv_env_build_alias_set=
ac_cv_env_build_alias_value=
ac_cv_env_host_alias_set=
ac_cv_env_host_alias_value=
ac_cv_env_target_alias_set=
ac_cv_env_target_alias_value=
ac_cv_func__doprnt=no
ac_cv_func_alloca_works=yes
ac_cv_func_bsd_signal=yes
ac_cv_func_closedir_void=no
ac_cv_func_dup2=yes
ac_cv_func_fdopen=yes
ac_cv_func_fork=yes
ac_cv_func_fork_works=yes
ac_cv_func_getcwd=yes
ac_cv_func_getgroups=yes
ac_cv_func_getloadavg=yes
ac_cv_func_getloadavg_setgid=no
ac_cv_func_gettimeofday=yes
ac_cv_func_memcpy=yes
ac_cv_func_memmove=yes
ac_cv_func_mkstemp=yes
ac_cv_func_mktemp=yes
ac_cv_func_pipe=yes
ac_cv_func_pstat_getdynamic=no
ac_cv_func_setegid=yes
ac_cv_func_seteuid=yes
ac_cv_func_setlinebuf=yes
ac_cv_func_setregid=yes
ac_cv_func_setreuid=yes
ac_cv_func_setvbuf=yes
ac_cv_func_setvbuf_reversed=no
ac_cv_func_sigaction=yes
ac_cv_func_sigsetmask=yes
ac_cv_func_strchr=yes
ac_cv_func_strcoll_works=yes
ac_cv_func_strdup=yes
ac_cv_func_strerror=yes
ac_cv_func_strsignal=yes
ac_cv_func_vfork=yes
ac_cv_func_vfork_works=yes
ac_cv_func_vprintf=yes
ac_cv_func_wait3=yes
ac_cv_func_waitpid=yes
ac_cv_have_decl_sys_siglist=yes
ac_cv_header_dirent_dirent_h=yes
ac_cv_header_fcntl_h=yes
ac_cv_header_inttypes_h=yes
ac_cv_header_limits_h=yes
ac_cv_header_locale_h=yes
ac_cv_header_memory_h=yes
ac_cv_header_minix_config_h=no
ac_cv_header_stat_broken=no
ac_cv_header_stdc=yes
ac_cv_header_stdint_h=yes
ac_cv_header_stdlib_h=yes
ac_cv_header_string_h=yes
ac_cv_header_strings_h=yes
ac_cv_header_sys_param_h=yes
ac_cv_header_sys_stat_h=yes
ac_cv_header_sys_time_h=yes
ac_cv_header_sys_timeb_h=yes
ac_cv_header_sys_types_h=yes
ac_cv_header_sys_wait_h=yes
ac_cv_header_time=yes
ac_cv_header_unistd_h=yes
ac_cv_header_vfork_h=no
ac_cv_host=x86_64-unknown-linux-gnu
ac_cv_lib_kstat_kstat_open=no
ac_cv_objext=o
ac_cv_path_EGREP='/bin/grep -E'
ac_cv_path_GMSGFMT=/usr/bin/msgfmt
ac_cv_path_GREP=/bin/grep
ac_cv_path_MSGFMT=/usr/bin/msgfmt
ac_cv_path_MSGMERGE=/usr/bin/msgmerge
ac_cv_path_XGETTEXT=/usr/bin/xgettext
ac_cv_path_install='/usr/bin/install -c'
ac_cv_prog_AR=ar
ac_cv_prog_AWK=gawk
ac_cv_prog_CPP='gcc -E'
ac_cv_prog_PERL=perl
ac_cv_prog_ac_ct_CC=gcc
ac_cv_prog_ac_ct_RANLIB=ranlib
ac_cv_prog_cc_c89=
ac_cv_prog_cc_g=yes
ac_cv_prog_cc_gcc_c_o=yes
ac_cv_prog_make_make_set=yes
ac_cv_safe_to_define___extensions__=yes
ac_cv_search_clock_gettime=-lrt
ac_cv_search_getpwnam='none required'
ac_cv_search_opendir='none required'
ac_cv_search_strerror='none required'
ac_cv_struct_st_mtim_nsec=tv_nsec
ac_cv_sys_file_offset_bits=no
ac_cv_sys_largefile_CC=no
ac_cv_type_pid_t=yes
ac_cv_type_signal=void
ac_cv_type_size_t=yes
ac_cv_type_uid_t=yes
ac_cv_type_uintmax_t=yes
ac_cv_working_alloca_h=yes
acl_cv_hardcode_direct=no
acl_cv_hardcode_libdir_flag_spec='${wl}-rpath ${wl}$libdir'
acl_cv_hardcode_libdir_separator=
acl_cv_hardcode_minus_L=no
acl_cv_libext=a
acl_cv_path_LD=/usr/bin/ld
acl_cv_prog_gnu_ld=yes
acl_cv_rpath=done
acl_cv_shlibext=so
acl_cv_sys_lib_dlsearch_path_spec='/lib /usr/lib'
acl_cv_sys_lib_search_path_spec='/lib /usr/lib /usr/local/lib'
acl_cv_wl=-Wl,
am_cv_CC_dependencies_compiler_type=gcc3
am_cv_prog_cc_stdc=
make_cv_file_timestamp_hi_res=yes
make_cv_job_server=yes
make_cv_path_sccs_get=get
make_cv_sa_restart=yes
make_cv_sys_gnu_glob=yes
make_cv_union_wait=no

## ----------------- ##
## Output variables. ##
## ----------------- ##

ACLOCAL='${SHELL} /var/services/homes/spparmar/spec2006/tools/src/make-3.80/config/missing --run aclocal-1.8'
ALLOCA=''
AMDEPBACKSLASH='\'
AMDEP_FALSE='#'
AMDEP_TRUE=''
AMTAR='${SHELL} /var/services/homes/spparmar/spec2006/tools/src/make-3.80/config/missing --run tar'
AR='ar'
AUTOCONF='${SHELL} /var/services/homes/spparmar/spec2006/tools/src/make-3.80/config/missing --run autoconf'
AUTOHEADER='${SHELL} /var/services/homes/spparmar/spec2006/tools/src/make-3.80/config/missing --run autoheader'
AUTOMAKE='${SHELL} /var/services/homes/spparmar/spec2006/tools/src/make-3.80/config/missing --run automake-1.8'
AWK='gawk'
CC='gcc'
CCDEPMODE='depmode=gcc3'
CFLAGS=' '
CPP='gcc -E'
CPPFLAGS='-I/var/services/homes/spparmar/spec2006/tools/output/include  '
CYGPATH_W='echo'
DEFS='-DHAVE_CONFIG_H'
DEPDIR='.deps'
ECHO_C=''
ECHO_N='-n'
ECHO_T=''
EGREP='/bin/grep -E'
EXEEXT=''
GETLOADAVG_LIBS=''
GLOBINC=''
GLOBLIB=''
GMSGFMT='/usr/bin/msgfmt'
GREP='/bin/grep'
INSTALL_DATA='${INSTALL} -m 644'
INSTALL_PROGRAM='${INSTALL}'
INSTALL_SCRIPT='${INSTALL}'
INSTALL_STRIP_PROGRAM='${SHELL} $(install_sh) -c -s'
INTLLIBS=''
KMEM_GROUP=''
LDFLAGS='-L/var/services/homes/spparmar/spec2006/tools/output/lib  '
LIBICONV='-liconv'
LIBINTL=''
LIBOBJS=''
LIBS='-lrt  '
LTLIBICONV='-liconv'
LTLIBINTL=''
LTLIBOBJS=''
MAKEINFO='${SHELL} /var/services/homes/spparmar/spec2006/tools/src/make-3.80/config/missing --run makeinfo'
MAKE_HOST='x86_64-unknown-linux-gnu'
MKINSTALLDIRS='$(top_builddir)/config/mkinstalldirs'
MSGFMT='/usr/bin/msgfmt'
MSGMERGE='/usr/bin/msgmerge'
NEED_SETGID='false'
OBJEXT='o'
PACKAGE='make'
PACKAGE_BUGREPORT='support@spec.org'
PACKAGE_NAME='GNU make'
PACKAGE_STRING='GNU make 3.80spec'
PACKAGE_TARNAME='make'
PACKAGE_URL='http://www.gnu.org/software/make/'
PACKAGE_VERSION='3.80spec'
PATH_SEPARATOR=':'
PERL='perl'
POSUB=''
RANLIB='ranlib'
SET_MAKE=''
SHELL='/bin/sh'
STRIP=''
USE_CUSTOMS_FALSE=''
USE_CUSTOMS_TRUE='#'
USE_LOCAL_GLOB_FALSE=''
USE_LOCAL_GLOB_TRUE='#'
USE_NLS='no'
VERSION='3.80spec'
XGETTEXT='/usr/bin/xgettext'
ac_ct_CC='gcc'
am__fastdepCC_FALSE='#'
am__fastdepCC_TRUE=''
am__include='include'
am__leading_dot='.'
am__quote=''
bindir='${exec_prefix}/bin'
build='x86_64-unknown-linux-gnu'
build_alias=''
build_cpu='x86_64'
build_os='linux-gnu'
build_vendor='unknown'
datadir='${datarootdir}'
datarootdir='${prefix}/share'
docdir='${datarootdir}/doc/${PACKAGE_TARNAME}'
dvidir='${docdir}'
exec_prefix='${prefix}'
host='x86_64-unknown-linux-gnu'
host_alias=''
host_cpu='x86_64'
host_os='linux-gnu'
host_vendor='unknown'
htmldir='${docdir}'
includedir='${prefix}/include'
infodir='${datarootdir}/info'
install_sh='/var/services/homes/spparmar/spec2006/tools/src/make-3.80/config/install-sh'
libdir='${exec_prefix}/lib'
libexecdir='${exec_prefix}/libexec'
localedir='${datarootdir}/locale'
localstatedir='${prefix}/var'
mandir='${datarootdir}/man'
mkdir_p='mkdir -p -- .'
oldincludedir='/usr/include'
pdfdir='${docdir}'
prefix='/var/services/homes/spparmar/spec2006/tools/output'
program_transform_name='s,x,x,'
psdir='${docdir}'
sbindir='${exec_prefix}/sbin'
sharedstatedir='${prefix}/com'
sysconfdir='${prefix}/etc'
target_alias=''

## ------------------- ##
## File substitutions. ##
## ------------------- ##

MAINT_MAKEFILE='/dev/null'

## ----------- ##
## confdefs.h. ##
## ----------- ##

/* confdefs.h */
#define PACKAGE_NAME "GNU make"
#define PACKAGE_TARNAME "make"
#define PACKAGE_VERSION "3.80spec"
#define PACKAGE_STRING "GNU make 3.80spec"
#define PACKAGE_BUGREPORT "support@spec.org"
#define PACKAGE_URL "http://www.gnu.org/software/make/"
#define PACKAGE "make"
#define VERSION "3.80spec"
#define STDC_HEADERS 1
#define HAVE_SYS_TYPES_H 1
#define HAVE_SYS_STAT_H 1
#define HAVE_STDLIB_H 1
#define HAVE_STRING_H 1
#define HAVE_MEMORY_H 1
#define HAVE_STRINGS_H 1
#define HAVE_INTTYPES_H 1
#define HAVE_STDINT_H 1
#define HAVE_UNISTD_H 1
#define __EXTENSIONS__ 1
#define _ALL_SOURCE 1
#define _GNU_SOURCE 1
#define _POSIX_PTHREAD_SEMANTICS 1
#define _TANDEM_SOURCE 1
#define STDC_HEADERS 1
#define HAVE_DIRENT_H 1
#define TIME_WITH_SYS_TIME 1
#define HAVE_STDLIB_H 1
#define HAVE_LOCALE_H 1
#define HAVE_UNISTD_H 1
#define HAVE_LIMITS_H 1
#define HAVE_FCNTL_H 1
#define HAVE_STRING_H 1
#define HAVE_MEMORY_H 1
#define HAVE_SYS_PARAM_H 1
#define HAVE_SYS_TIME_H 1
#define HAVE_SYS_TIMEB_H 1
#define RETSIGTYPE void
#define ST_MTIM_NSEC tv_nsec
#define FILE_TIMESTAMP_HI_RES 1
#define HAVE_CLOCK_GETTIME 1
#define HAVE_GETTIMEOFDAY 1
#define HAVE_MEMCPY 1
#define HAVE_MEMMOVE 1
#define HAVE_STRCHR 1
#define HAVE_STRDUP 1
#define HAVE_MKSTEMP 1
#define HAVE_MKTEMP 1
#define HAVE_FDOPEN 1
#define HAVE_BSD_SIGNAL 1
#define HAVE_DUP2 1
#define HAVE_GETCWD 1
#define HAVE_SIGSETMASK 1
#define HAVE_SIGACTION 1
#define HAVE_GETGROUPS 1
#define HAVE_SETEUID 1
#define HAVE_SETEGID 1
#define HAVE_SETLINEBUF 1
#define HAVE_SETREUID 1
#define HAVE_SETREGID 1
#define HAVE_SETVBUF 1
#define HAVE_PIPE 1
#define HAVE_STRERROR 1
#define HAVE_STRSIGNAL 1
#define PROTOTYPES 1
#define __PROTOTYPES 1
#define HAVE_STRCOLL 1
#define HAVE_ALLOCA_H 1
#define HAVE_ALLOCA 1
#define HAVE_FORK 1
#define HAVE_VFORK 1
#define HAVE_WORKING_VFORK 1
#define HAVE_WORKING_FORK 1
#define HAVE_VPRINTF 1
#define HAVE_GETLOADAVG 1
#define HAVE_DECL_SYS_SIGLIST 1
#define HAVE_SYS_WAIT_H 1
#define HAVE_WAITPID 1
#define HAVE_WAIT3 1
#define HAVE_SA_RESTART 1
#define MAKE_JOBSERVER 1
#define SCCS_GET "get"
#define MAKE_HOST "x86_64-unknown-linux-gnu"

configure: exit 0

## ---------------------- ##
## Running config.status. ##
## ---------------------- ##

This file was extended by GNU make config.status 3.80spec, which was
generated by GNU Autoconf 2.69.  Invocation command line was

  CONFIG_FILES    = 
  CONFIG_HEADERS  = 
  CONFIG_LINKS    = 
  CONFIG_COMMANDS = 
  $ ./config.status 

on victory

config.status:979: creating Makefile
config.status:1082: WARNING:  'Makefile.in' seems to ignore the --datarootdir setting
config.status:979: creating glob/Makefile
config.status:1082: WARNING:  'glob/Makefile.in' seems to ignore the --datarootdir setting
config.status:979: creating po/Makefile.in
config.status:1082: WARNING:  'po/Makefile.in.in' seems to ignore the --datarootdir setting
config.status:979: creating config/Makefile
config.status:1082: WARNING:  'config/Makefile.in' seems to ignore the --datarootdir setting
config.status:979: creating doc/Makefile
config.status:1082: WARNING:  'doc/Makefile.in' seems to ignore the --datarootdir setting
config.status:979: creating build.sh
config.status:979: creating config.h
config.status:1159: config.h is unchanged
config.status:1206: executing depfiles commands
config.status:1206: executing default-1 commands
