runspec started at Mon Apr 14 22:04:39 2014 on "victory"
runspec is: /var/services/homes/spparmar/spec2006/bin/runspec
runspec: runspec --noreportable 482.sphinx3

Locating benchmarks...found 31 benchmarks in 12 benchsets.
Locating output formats: ASCII, config, CSV, flags, HTML, mail, PDF, PostScript, raw, Screen, Submission Check
Reading config file '/var/services/homes/spparmar/spec2006/config/default.cfg'
Verbosity = 5
Action    = validate
Tune      = base
Ext       = elider-amd64-m64-gcc42-nn
Size      = ref
Machine   = default
benchmarks= 482.sphinx3
outputs   = raw,flags,ASCII,PDF,Screen
username  = root
Benchmarks selected: 482.sphinx3
Compiling Binaries

------------------------------------------------------------------------
/var/services/homes/spparmar/spec2006/benchspec/CPU2006/482.sphinx3/exe/sphinx_livepretend_base.elider-amd64-m64-gcc42-nn does not exist
  Building 482.sphinx3 ref base elider-amd64-m64-gcc42-nn default: (build_base_elider-amd64-m64-gcc42-nn.0000)
Wrote to makefile '/var/services/homes/spparmar/spec2006/benchspec/CPU2006/482.sphinx3/run/build_base_elider-amd64-m64-gcc42-nn.0000/Makefile.deps':

# These are the build dependencies

# End dependencies
Wrote to makefile '/var/services/homes/spparmar/spec2006/benchspec/CPU2006/482.sphinx3/run/build_base_elider-amd64-m64-gcc42-nn.0000/Makefile.spec':
TUNE=base
EXT=elider-amd64-m64-gcc42-nn
NUMBER=482
NAME=sphinx3
SOURCES= spec_main_live_pretend.c parse_args_file.c live.c agc.c \
	 approx_cont_mgau.c ascr.c beam.c bio.c case.c ckd_alloc.c cmd_ln.c cmn.c \
	 cmn_prior.c cont_mgau.c dict.c dict2pid.c err.c feat.c fillpen.c glist.c \
	 gs.c hash.c heap.c hmm.c io.c kb.c kbcore.c lextree.c lm.c lmclass.c \
	 logs3.c mdef.c new_fe.c new_fe_sp.c profile.c specrand.c str2words.c \
	 subvq.c tmat.c unlimit.c utt.c vector.c vithist.c wid.c
EXEBASE=sphinx_livepretend
NEED_MATH=yes
BENCHLANG=C
ONESTEP=
CONESTEP=

BENCH_FLAGS      = -I. -DSPEC_CPU -DHAVE_CONFIG_H -I. -Ilibutil 
CC               = /usr/bin/gcc
COPTIMIZE        = -O2
CXX              = /usr/bin/g++
CXXOPTIMIZE      = -O2 
FC               = /usr/bin/gfortran
FOPTIMIZE        = -O2
FPBASE           = yes
OS               = unix
PORTABILITY      = -DSPEC_CPU_LP64
abstol           = 
action           = validate
allow_extension_override = 0
backup_config    = 1
baseexe          = sphinx_livepretend
basepeak         = 0
benchdir         = benchspec
benchmark        = 482.sphinx3
binary           = 
bindir           = exe
calctol          = 0
changedmd5       = 0
check_integrity  = 1
check_md5        = 1
check_version    = 1
command_add_redirect = 0
commanderrfile   = speccmds.err
commandexe       = sphinx_livepretend_base.elider-amd64-m64-gcc42-nn
commandfile      = speccmds.cmd
commandoutfile   = speccmds.out
commandstdoutfile = speccmds.stdout
compareerrfile   = compare.err
comparefile      = compare.cmd
compareoutfile   = compare.out
comparestdoutfile = compare.stdout
compile_error    = 0
compwhite        = 
configdir        = config
configpath       = /var/services/homes/spparmar/spec2006/config/default.cfg
copies           = 1
datadir          = data
delay            = 0
deletebinaries   = 0
deletework       = 0
difflines        = 10
dirprot          = 511
endian           = 12345678
env_vars         = 0
exitvals         = spec_exit
expand_notes     = 0
expid            = 
ext              = elider-amd64-m64-gcc42-nn
fake             = 0
feedback         = 1
flag_url_base    = http://www.spec.org/auto/cpu2006/flags/
floatcompare     = 1
help             = 0
http_proxy       = 
http_timeout     = 30
hw_avail         = Dec-9999
hw_cpu_char      = 
hw_cpu_mhz       = 3000
hw_cpu_name      = AMD Opteron 256
hw_disk          = SATA
hw_fpu           = Integrated
hw_memory        = 2 GB (2 x 1GB DDR333 CL2.5)
hw_model         = Tyan Thunder KKQS Pro (S4882)
hw_nchips        = 1
hw_ncores        = 1
hw_ncoresperchip = 1
hw_ncpuorder     = 1 chip
hw_nthreadspercore = 1
hw_ocache        = None
hw_pcache        = 64 KB I + 64 KB D on chip per chip
hw_scache        = 1 MB I+D on chip per chip
hw_tcache        = None
hw_vendor        = Tyan
ignore_errors    = yes
ignore_sigint    = 0
ignorecase       = 
info_wrap_columns = 50
inputdir         = input
iteration        = -1
iterations       = 3
license_num      = 9999
line_width       = 0
locking          = 1
log              = CPU2006
log_line_width   = 0
logname          = /var/services/homes/spparmar/spec2006/result/CPU2006.001.log
lognum           = 001
mach             = default
mail_reports     = all
mailcompress     = 0
mailmethod       = smtp
mailport         = 25
mailserver       = 127.0.0.1
mailto           = 
make             = specmake
make_no_clobber  = 0
makeflags        = 
max_active_compares = 0
mean_anyway      = 0
min_report_runs  = 3
minimize_builddirs = 0
minimize_rundirs = 0
name             = sphinx3
nc               = 0
need_math        = yes
no_input_handler = close
no_monitor       = 
notes0100        =  C base flags: -O2
notes0110        =  C++ base flags: -O2 
notes0120        =  Fortran base flags: -O2
notes25          =  PORTABILITY=-DSPEC_CPU_LP64 is applied to all benchmarks in base.
notes_wrap_columns = 0
notes_wrap_indent =     
num              = 482
obiwan           = 
os_exe_ext       = 
output           = asc
output_format    = asc, pdf, Screen
output_root      = 
outputdir        = output
path             = /var/services/homes/spparmar/spec2006/benchspec/CPU2006/482.sphinx3
plain_train      = 1
prefix           = 
prepared_by      = 
rate             = 0
rawfile          = 
rawformat        = 0
realuser         = your name here
rebuild          = 0
reftime          = reftime
reportable       = 0
resultdir        = result
review           = 0
run              = all
runspec          = /var/services/homes/spparmar/spec2006/bin/runspec --noreportable 482.sphinx3
safe_eval        = 1
section_specifier_fatal = 1
sendmail         = /usr/sbin/sendmail
setpgrp_enabled  = 1
setprocgroup     = 1
shrate           = 0
sigint           = 2
size             = ref
skipabstol       = 
skipobiwan       = 
skipreltol       = 
skiptol          = 
smarttune        = base
specdiff         = specdiff
specmake         = Makefile.YYYtArGeTYYYspec
specrun          = specinvoke
speed            = 0
srcalt           = 
srcdir           = src
stagger          = 10
strict_rundir_verify = 1
subworkdir       = work
sw_auto_parallel = No
sw_avail         = Dec-9999
sw_base_ptrsize  = 64-bit
sw_compiler      = gcc , g++ & gfortran 4.2.0325 (for AMD64)
sw_file          = ext3
sw_os            = SUSE SLES9 (for AMD64)
sw_other         = None
sw_peak_ptrsize  = Not Applicable
sw_state         = runlevel 3
sysinfo_program  = 
table            = 1
teeout           = yes
teerunout        = yes
test_date        = Dec-9999
test_sponsor     = Turbo Computers
tester           = 
top              = /var/services/homes/spparmar/spec2006
tune             = base
uid              = 0
unbuffer         = 1
update-flags     = 0
use_submit_for_speed = 0
username         = root
vendor           = anon
vendor_makefiles = 0
verbose          = 5
version          = 0
version_url      = http://www.spec.org/auto/cpu2006/current_version
workdir          = run
worklist         = list
  Compile for '482.sphinx3' started at: Mon Apr 14 22:04:47 2014 (1397527487)
Issuing make.clean command 'specmake clean'
Start make.clean command: Mon Apr 14 22:04:47 2014 (1397527487)
rm -rf sphinx_livepretend sphinx_livepretend.exe *.o  *.fppized.f*
find . \( -name \*.o -o -name '*.fppized.f*' \) -print | xargs rm -rf
rm -rf core 
Stop make.clean command: Mon Apr 14 22:04:48 2014 (1397527488)
Elapsed time for make.clean command: 00:00:01 (1)
Issuing make command 'specmake build'
Start make command: Mon Apr 14 22:04:48 2014 (1397527488)
/usr/bin/gcc -c -o spec_main_live_pretend.o -DSPEC_CPU -DNDEBUG -I. -DSPEC_CPU -DHAVE_CONFIG_H -I. -Ilibutil    -O2       -DSPEC_CPU_LP64         spec_main_live_pretend.c
/usr/bin/gcc -c -o parse_args_file.o -DSPEC_CPU -DNDEBUG -I. -DSPEC_CPU -DHAVE_CONFIG_H -I. -Ilibutil    -O2       -DSPEC_CPU_LP64         parse_args_file.c
/usr/bin/gcc -c -o live.o -DSPEC_CPU -DNDEBUG -I. -DSPEC_CPU -DHAVE_CONFIG_H -I. -Ilibutil    -O2       -DSPEC_CPU_LP64         live.c
live.c: In function 'live_utt_summary':
live.c:367:5: warning: format '%d' expects argument of type 'int', but argument 3 has type 'long int' [-Wformat]
/usr/bin/gcc -c -o agc.o -DSPEC_CPU -DNDEBUG -I. -DSPEC_CPU -DHAVE_CONFIG_H -I. -Ilibutil    -O2       -DSPEC_CPU_LP64         agc.c
/usr/bin/gcc -c -o approx_cont_mgau.o -DSPEC_CPU -DNDEBUG -I. -DSPEC_CPU -DHAVE_CONFIG_H -I. -Ilibutil    -O2       -DSPEC_CPU_LP64         approx_cont_mgau.c
/usr/bin/gcc -c -o ascr.o -DSPEC_CPU -DNDEBUG -I. -DSPEC_CPU -DHAVE_CONFIG_H -I. -Ilibutil    -O2       -DSPEC_CPU_LP64         ascr.c
/usr/bin/gcc -c -o beam.o -DSPEC_CPU -DNDEBUG -I. -DSPEC_CPU -DHAVE_CONFIG_H -I. -Ilibutil    -O2       -DSPEC_CPU_LP64         beam.c
/usr/bin/gcc -c -o bio.o -DSPEC_CPU -DNDEBUG -I. -DSPEC_CPU -DHAVE_CONFIG_H -I. -Ilibutil    -O2       -DSPEC_CPU_LP64         bio.c
/usr/bin/gcc -c -o case.o -DSPEC_CPU -DNDEBUG -I. -DSPEC_CPU -DHAVE_CONFIG_H -I. -Ilibutil    -O2       -DSPEC_CPU_LP64         case.c
/usr/bin/gcc -c -o ckd_alloc.o -DSPEC_CPU -DNDEBUG -I. -DSPEC_CPU -DHAVE_CONFIG_H -I. -Ilibutil    -O2       -DSPEC_CPU_LP64         ckd_alloc.c
/usr/bin/gcc -c -o cmd_ln.o -DSPEC_CPU -DNDEBUG -I. -DSPEC_CPU -DHAVE_CONFIG_H -I. -Ilibutil    -O2       -DSPEC_CPU_LP64         cmd_ln.c
/usr/bin/gcc -c -o cmn.o -DSPEC_CPU -DNDEBUG -I. -DSPEC_CPU -DHAVE_CONFIG_H -I. -Ilibutil    -O2       -DSPEC_CPU_LP64         cmn.c
/usr/bin/gcc -c -o cmn_prior.o -DSPEC_CPU -DNDEBUG -I. -DSPEC_CPU -DHAVE_CONFIG_H -I. -Ilibutil    -O2       -DSPEC_CPU_LP64         cmn_prior.c
/usr/bin/gcc -c -o cont_mgau.o -DSPEC_CPU -DNDEBUG -I. -DSPEC_CPU -DHAVE_CONFIG_H -I. -Ilibutil    -O2       -DSPEC_CPU_LP64         cont_mgau.c
/usr/bin/gcc -c -o dict.o -DSPEC_CPU -DNDEBUG -I. -DSPEC_CPU -DHAVE_CONFIG_H -I. -Ilibutil    -O2       -DSPEC_CPU_LP64         dict.c
/usr/bin/gcc -c -o dict2pid.o -DSPEC_CPU -DNDEBUG -I. -DSPEC_CPU -DHAVE_CONFIG_H -I. -Ilibutil    -O2       -DSPEC_CPU_LP64         dict2pid.c
/usr/bin/gcc -c -o err.o -DSPEC_CPU -DNDEBUG -I. -DSPEC_CPU -DHAVE_CONFIG_H -I. -Ilibutil    -O2       -DSPEC_CPU_LP64         err.c
/usr/bin/gcc -c -o feat.o -DSPEC_CPU -DNDEBUG -I. -DSPEC_CPU -DHAVE_CONFIG_H -I. -Ilibutil    -O2       -DSPEC_CPU_LP64         feat.c
/usr/bin/gcc -c -o fillpen.o -DSPEC_CPU -DNDEBUG -I. -DSPEC_CPU -DHAVE_CONFIG_H -I. -Ilibutil    -O2       -DSPEC_CPU_LP64         fillpen.c
/usr/bin/gcc -c -o glist.o -DSPEC_CPU -DNDEBUG -I. -DSPEC_CPU -DHAVE_CONFIG_H -I. -Ilibutil    -O2       -DSPEC_CPU_LP64         glist.c
/usr/bin/gcc -c -o gs.o -DSPEC_CPU -DNDEBUG -I. -DSPEC_CPU -DHAVE_CONFIG_H -I. -Ilibutil    -O2       -DSPEC_CPU_LP64         gs.c
/usr/bin/gcc -c -o hash.o -DSPEC_CPU -DNDEBUG -I. -DSPEC_CPU -DHAVE_CONFIG_H -I. -Ilibutil    -O2       -DSPEC_CPU_LP64         hash.c
/usr/bin/gcc -c -o heap.o -DSPEC_CPU -DNDEBUG -I. -DSPEC_CPU -DHAVE_CONFIG_H -I. -Ilibutil    -O2       -DSPEC_CPU_LP64         heap.c
/usr/bin/gcc -c -o hmm.o -DSPEC_CPU -DNDEBUG -I. -DSPEC_CPU -DHAVE_CONFIG_H -I. -Ilibutil    -O2       -DSPEC_CPU_LP64         hmm.c
/usr/bin/gcc -c -o io.o -DSPEC_CPU -DNDEBUG -I. -DSPEC_CPU -DHAVE_CONFIG_H -I. -Ilibutil    -O2       -DSPEC_CPU_LP64         io.c
/usr/bin/gcc -c -o kb.o -DSPEC_CPU -DNDEBUG -I. -DSPEC_CPU -DHAVE_CONFIG_H -I. -Ilibutil    -O2       -DSPEC_CPU_LP64         kb.c
/usr/bin/gcc -c -o kbcore.o -DSPEC_CPU -DNDEBUG -I. -DSPEC_CPU -DHAVE_CONFIG_H -I. -Ilibutil    -O2       -DSPEC_CPU_LP64         kbcore.c
/usr/bin/gcc -c -o lextree.o -DSPEC_CPU -DNDEBUG -I. -DSPEC_CPU -DHAVE_CONFIG_H -I. -Ilibutil    -O2       -DSPEC_CPU_LP64         lextree.c
/usr/bin/gcc -c -o lm.o -DSPEC_CPU -DNDEBUG -I. -DSPEC_CPU -DHAVE_CONFIG_H -I. -Ilibutil    -O2       -DSPEC_CPU_LP64         lm.c
lm.c: In function 'lm_read_dump':
lm.c:562:8: warning: ignoring return value of 'fread', declared with attribute warn_unused_result [-Wunused-result]
lm.c:570:8: warning: ignoring return value of 'fread', declared with attribute warn_unused_result [-Wunused-result]
/usr/bin/gcc -c -o lmclass.o -DSPEC_CPU -DNDEBUG -I. -DSPEC_CPU -DHAVE_CONFIG_H -I. -Ilibutil    -O2       -DSPEC_CPU_LP64         lmclass.c
/usr/bin/gcc -c -o logs3.o -DSPEC_CPU -DNDEBUG -I. -DSPEC_CPU -DHAVE_CONFIG_H -I. -Ilibutil    -O2       -DSPEC_CPU_LP64         logs3.c
/usr/bin/gcc -c -o mdef.o -DSPEC_CPU -DNDEBUG -I. -DSPEC_CPU -DHAVE_CONFIG_H -I. -Ilibutil    -O2       -DSPEC_CPU_LP64         mdef.c
/usr/bin/gcc -c -o new_fe.o -DSPEC_CPU -DNDEBUG -I. -DSPEC_CPU -DHAVE_CONFIG_H -I. -Ilibutil    -O2       -DSPEC_CPU_LP64         new_fe.c
new_fe.c: In function 'fe_process_utt':
new_fe.c:193:2: warning: format '%d' expects argument of type 'int', but argument 5 has type 'long unsigned int' [-Wformat]
/usr/bin/gcc -c -o new_fe_sp.o -DSPEC_CPU -DNDEBUG -I. -DSPEC_CPU -DHAVE_CONFIG_H -I. -Ilibutil    -O2       -DSPEC_CPU_LP64         new_fe_sp.c
/usr/bin/gcc -c -o profile.o -DSPEC_CPU -DNDEBUG -I. -DSPEC_CPU -DHAVE_CONFIG_H -I. -Ilibutil    -O2       -DSPEC_CPU_LP64         profile.c
/usr/bin/gcc -c -o specrand.o -DSPEC_CPU -DNDEBUG -I. -DSPEC_CPU -DHAVE_CONFIG_H -I. -Ilibutil    -O2       -DSPEC_CPU_LP64         specrand.c
/usr/bin/gcc -c -o str2words.o -DSPEC_CPU -DNDEBUG -I. -DSPEC_CPU -DHAVE_CONFIG_H -I. -Ilibutil    -O2       -DSPEC_CPU_LP64         str2words.c
/usr/bin/gcc -c -o subvq.o -DSPEC_CPU -DNDEBUG -I. -DSPEC_CPU -DHAVE_CONFIG_H -I. -Ilibutil    -O2       -DSPEC_CPU_LP64         subvq.c
/usr/bin/gcc -c -o tmat.o -DSPEC_CPU -DNDEBUG -I. -DSPEC_CPU -DHAVE_CONFIG_H -I. -Ilibutil    -O2       -DSPEC_CPU_LP64         tmat.c
/usr/bin/gcc -c -o unlimit.o -DSPEC_CPU -DNDEBUG -I. -DSPEC_CPU -DHAVE_CONFIG_H -I. -Ilibutil    -O2       -DSPEC_CPU_LP64         unlimit.c
/usr/bin/gcc -c -o utt.o -DSPEC_CPU -DNDEBUG -I. -DSPEC_CPU -DHAVE_CONFIG_H -I. -Ilibutil    -O2       -DSPEC_CPU_LP64         utt.c
utt.c: In function 'utt_end':
utt.c:273:7: warning: format '%d' expects argument of type 'int', but argument 3 has type 'long int' [-Wformat]
utt.c:295:11: warning: ignoring return value of 'getcwd', declared with attribute warn_unused_result [-Wunused-result]
/usr/bin/gcc -c -o vector.o -DSPEC_CPU -DNDEBUG -I. -DSPEC_CPU -DHAVE_CONFIG_H -I. -Ilibutil    -O2       -DSPEC_CPU_LP64         vector.c
/usr/bin/gcc -c -o vithist.o -DSPEC_CPU -DNDEBUG -I. -DSPEC_CPU -DHAVE_CONFIG_H -I. -Ilibutil    -O2       -DSPEC_CPU_LP64         vithist.c
/usr/bin/gcc -c -o wid.o -DSPEC_CPU -DNDEBUG -I. -DSPEC_CPU -DHAVE_CONFIG_H -I. -Ilibutil    -O2       -DSPEC_CPU_LP64         wid.c
/usr/bin/gcc   -O2  -DSPEC_CPU_LP64        spec_main_live_pretend.o parse_args_file.o live.o agc.o approx_cont_mgau.o ascr.o beam.o bio.o case.o ckd_alloc.o cmd_ln.o cmn.o cmn_prior.o cont_mgau.o dict.o dict2pid.o err.o feat.o fillpen.o glist.o gs.o hash.o heap.o hmm.o io.o kb.o kbcore.o lextree.o lm.o lmclass.o logs3.o mdef.o new_fe.o new_fe_sp.o profile.o specrand.o str2words.o subvq.o tmat.o unlimit.o utt.o vector.o vithist.o wid.o             -lm        -o sphinx_livepretend
Stop make command: Mon Apr 14 22:04:59 2014 (1397527499)
Elapsed time for make command: 00:00:11 (11)
Issuing options command 'specmake options'
Start options command: Mon Apr 14 22:04:59 2014 (1397527499)
COMP: /usr/bin/gcc -c -o options.o -DSPEC_CPU -DNDEBUG -I. -DSPEC_CPU -DHAVE_CONFIG_H -I. -Ilibutil    -O2       -DSPEC_CPU_LP64         <source>
C: CC="/usr/bin/gcc"
C: COBJOPT="-c -o options"
P: CPUFLAGS="-DSPEC_CPU -DNDEBUG"
P: BENCH_FLAGS="-I. -DSPEC_CPU -DHAVE_CONFIG_H -I. -Ilibutil "
P: BENCH_CFLAGS=""
O: OPTIMIZE=""
O: COPTIMIZE="-O2"
P: PORTABILITY="-DSPEC_CPU_LP64"
P: CPORTABILITY=""
O: EXTRA_CFLAGS=""
O: EXTRA_OPTIMIZE=""
O: EXTRA_COPTIMIZE=""
P: EXTRA_PORTABILITY=""
P: EXTRA_CPORTABILITY=""
LINK: /usr/bin/gcc   -O2  -DSPEC_CPU_LP64        <objects>   -lm        -o options
C: LD="/usr/bin/gcc"
O: COPTIMIZE="-O2"
P: PORTABILITY="-DSPEC_CPU_LP64"
C: MATH_LIBS="-lm"
C: LDOUT="-o options"
Stop options command: Mon Apr 14 22:05:00 2014 (1397527500)
Elapsed time for options command: 00:00:01 (1)
  Compile for '482.sphinx3' ended at: Mon Apr 14 22:05:00 2014 (1397527500)
  Elapsed compile for '482.sphinx3': 00:00:13 (13)

Build successes: 482.sphinx3(base)

Parsing Flags
  Looking at 482.sphinx3 base elider-amd64-m64-gcc42-nn default: done
Flag Parsing Complete

Setting Up Run Directories
  Setting up 482.sphinx3 ref base elider-amd64-m64-gcc42-nn default: created (run_base_ref_elider-amd64-m64-gcc42-nn.0000)

-----------------------------------
Running Benchmarks

-----------------------------------
  Running (#1) 482.sphinx3 ref base elider-amd64-m64-gcc42-nn default
Commands to run: 
    -C /var/services/homes/spparmar/spec2006/benchspec/CPU2006/482.sphinx3/run/run_base_ref_elider-amd64-m64-gcc42-nn.0000
    -o an4.log -e an4.err ../run_base_ref_elider-amd64-m64-gcc42-nn.0000/sphinx_livepretend_base.elider-amd64-m64-gcc42-nn ctlfile . args.an4
Specinvoke: /var/services/homes/spparmar/spec2006/bin/specinvoke -d /var/services/homes/spparmar/spec2006/benchspec/CPU2006/482.sphinx3/run/run_base_ref_elider-amd64-m64-gcc42-nn.0000 -e speccmds.err -o speccmds.stdout -f speccmds.cmd -C
Issuing command '/var/services/homes/spparmar/spec2006/bin/specinvoke -d /var/services/homes/spparmar/spec2006/benchspec/CPU2006/482.sphinx3/run/run_base_ref_elider-amd64-m64-gcc42-nn.0000 -e speccmds.err -o speccmds.stdout -f speccmds.cmd -C'
Start command: Mon Apr 14 22:05:03 2014 (1397527503)
